2024-12-11 11:24:57,641 - basicLogger - INFO - App Conf File: app_conf.yml
2024-12-11 11:24:57,642 - basicLogger - INFO - Log Conf File: log_conf.yml
2024-12-11 11:25:39,441 - basicLogger - INFO - App Conf File: app_conf.yml
2024-12-11 11:25:39,441 - basicLogger - INFO - Log Conf File: log_conf.yml
2024-12-11 11:26:31,791 - basicLogger - INFO - App Conf File: app_conf.yml
2024-12-11 11:26:31,792 - basicLogger - INFO - Log Conf File: log_conf.yml
2024-12-11 11:26:31,792 - basicLogger - INFO - status.json not found. Creating a new one...
2024-12-11 11:26:32,051 - basicLogger - INFO - App Conf File: app_conf.yml
2024-12-11 11:26:32,051 - basicLogger - INFO - Log Conf File: log_conf.yml
2024-12-11 11:26:36,866 - basicLogger - INFO - Periodic service check started...
2024-12-11 11:26:41,865 - basicLogger - INFO - Periodic service check started...
2024-12-11 11:26:46,865 - basicLogger - INFO - Periodic service check started...
2024-12-11 11:26:51,866 - basicLogger - INFO - Periodic service check started...
2024-12-11 11:26:56,866 - basicLogger - INFO - Periodic service check started...
2024-12-11 11:27:01,866 - basicLogger - INFO - Periodic service check started...
2024-12-11 11:27:06,865 - basicLogger - INFO - Periodic service check started...
2024-12-11 11:27:11,866 - basicLogger - INFO - Periodic service check started...
2024-12-11 11:27:16,865 - basicLogger - INFO - Periodic service check started...
2024-12-11 11:27:21,865 - basicLogger - INFO - Periodic service check started...
2024-12-11 11:27:26,865 - basicLogger - INFO - Periodic service check started...
2024-12-11 11:27:31,865 - basicLogger - INFO - Periodic service check started...
2024-12-11 11:27:36,865 - basicLogger - INFO - Periodic service check started...
2024-12-11 11:27:41,865 - basicLogger - INFO - Periodic service check started...
2024-12-11 11:27:46,866 - basicLogger - INFO - Periodic service check started...
2024-12-11 11:27:51,866 - basicLogger - INFO - Periodic service check started...
2024-12-11 11:27:56,866 - basicLogger - INFO - Periodic service check started...
2024-12-11 11:28:01,865 - basicLogger - INFO - Periodic service check started...
2024-12-11 11:28:06,865 - basicLogger - INFO - Periodic service check started...
2024-12-11 11:28:11,865 - basicLogger - INFO - Periodic service check started...
2024-12-11 11:28:16,865 - basicLogger - INFO - Periodic service check started...
2024-12-11 11:28:21,865 - basicLogger - INFO - Periodic service check started...
2024-12-11 11:28:26,865 - basicLogger - INFO - Periodic service check started...
2024-12-11 11:28:31,866 - basicLogger - INFO - Periodic service check started...
2024-12-11 11:28:36,866 - basicLogger - INFO - Periodic service check started...
2024-12-11 11:28:41,865 - basicLogger - INFO - Periodic service check started...
2024-12-11 11:28:48,486 - basicLogger - INFO - App Conf File: app_conf.yml
2024-12-11 11:28:48,487 - basicLogger - INFO - Log Conf File: log_conf.yml
2024-12-11 11:28:48,772 - basicLogger - INFO - App Conf File: app_conf.yml
2024-12-11 11:28:48,772 - basicLogger - INFO - Log Conf File: log_conf.yml
2024-12-11 11:28:53,548 - basicLogger - INFO - Periodic service check started...
2024-12-11 11:28:58,548 - basicLogger - INFO - Periodic service check started...
2024-12-11 11:29:03,547 - basicLogger - INFO - Periodic service check started...
2024-12-11 11:29:08,547 - basicLogger - INFO - Periodic service check started...
2024-12-11 11:29:13,547 - basicLogger - INFO - Periodic service check started...
2024-12-11 11:29:18,547 - basicLogger - INFO - Periodic service check started...
2024-12-11 11:29:23,547 - basicLogger - INFO - Periodic service check started...
2024-12-11 11:29:28,551 - basicLogger - INFO - Periodic service check started...
2024-12-11 11:29:33,548 - basicLogger - INFO - Periodic service check started...
2024-12-11 11:29:38,552 - basicLogger - INFO - Periodic service check started...
2024-12-11 11:29:43,254 - basicLogger - INFO - App Conf File: app_conf.yml
2024-12-11 11:29:43,255 - basicLogger - INFO - Log Conf File: log_conf.yml
2024-12-11 11:29:43,492 - basicLogger - INFO - App Conf File: app_conf.yml
2024-12-11 11:29:43,492 - basicLogger - INFO - Log Conf File: log_conf.yml
2024-12-11 11:29:48,318 - basicLogger - INFO - Periodic service check started...
2024-12-11 11:29:53,318 - basicLogger - INFO - Periodic service check started...
2024-12-11 11:29:58,318 - basicLogger - INFO - Periodic service check started...
2024-12-11 11:30:03,318 - basicLogger - INFO - Periodic service check started...
2024-12-11 11:30:08,319 - basicLogger - INFO - Periodic service check started...
2024-12-11 11:30:13,318 - basicLogger - INFO - Periodic service check started...
2024-12-11 11:30:18,319 - basicLogger - INFO - Periodic service check started...
2024-12-11 11:30:23,318 - basicLogger - INFO - Periodic service check started...
2024-12-11 11:30:28,317 - basicLogger - INFO - Periodic service check started...
2024-12-11 11:30:33,318 - basicLogger - INFO - Periodic service check started...
2024-12-11 11:30:38,318 - basicLogger - INFO - Periodic service check started...
2024-12-11 11:30:43,318 - basicLogger - INFO - Periodic service check started...
2024-12-11 11:30:48,318 - basicLogger - INFO - Periodic service check started...
2024-12-11 11:30:53,318 - basicLogger - INFO - Periodic service check started...
2024-12-11 11:30:58,321 - basicLogger - INFO - Periodic service check started...
2024-12-11 11:31:03,320 - basicLogger - INFO - Periodic service check started...
2024-12-11 11:31:08,318 - basicLogger - INFO - Periodic service check started...
2024-12-11 11:31:13,319 - basicLogger - INFO - Periodic service check started...
2024-12-11 11:31:18,319 - basicLogger - INFO - Periodic service check started...
2024-12-11 11:31:23,319 - basicLogger - INFO - Periodic service check started...
2024-12-11 11:31:28,319 - basicLogger - INFO - Periodic service check started...
2024-12-11 11:31:33,319 - basicLogger - INFO - Periodic service check started...
2024-12-11 11:31:38,319 - basicLogger - INFO - Periodic service check started...
2024-12-11 11:31:43,318 - basicLogger - INFO - Periodic service check started...
2024-12-11 11:31:48,318 - basicLogger - INFO - Periodic service check started...
2024-12-11 11:31:53,318 - basicLogger - INFO - Periodic service check started...
2024-12-11 11:31:58,318 - basicLogger - INFO - Periodic service check started...
2024-12-11 11:32:03,318 - basicLogger - INFO - Periodic service check started...
2024-12-11 11:32:08,318 - basicLogger - INFO - Periodic service check started...
2024-12-11 11:32:13,318 - basicLogger - INFO - Periodic service check started...
2024-12-11 11:32:18,318 - basicLogger - INFO - Periodic service check started...
2024-12-11 11:32:23,318 - basicLogger - INFO - Periodic service check started...
2024-12-11 11:32:28,318 - basicLogger - INFO - Periodic service check started...
2024-12-11 11:32:33,318 - basicLogger - INFO - Periodic service check started...
2024-12-11 11:32:38,318 - basicLogger - INFO - Periodic service check started...
2024-12-11 11:32:43,318 - basicLogger - INFO - Periodic service check started...
2024-12-11 11:32:48,318 - basicLogger - INFO - Periodic service check started...
2024-12-11 11:32:53,318 - basicLogger - INFO - Periodic service check started...
2024-12-11 11:32:58,318 - basicLogger - INFO - Periodic service check started...
2024-12-11 11:33:03,319 - basicLogger - INFO - Periodic service check started...
2024-12-11 11:33:15,761 - basicLogger - INFO - Periodic service check started...
2024-12-11 11:33:20,761 - basicLogger - INFO - Periodic service check started...
2024-12-11 11:33:25,761 - basicLogger - INFO - Periodic service check started...
2024-12-11 11:33:30,762 - basicLogger - INFO - Periodic service check started...
2024-12-11 11:33:35,762 - basicLogger - INFO - Periodic service check started...
2024-12-11 11:33:40,762 - basicLogger - INFO - Periodic service check started...
2024-12-11 11:33:45,762 - basicLogger - INFO - Periodic service check started...
2024-12-11 11:33:50,762 - basicLogger - INFO - Periodic service check started...
2024-12-11 11:33:55,761 - basicLogger - INFO - Periodic service check started...
2024-12-11 11:34:00,761 - basicLogger - INFO - Periodic service check started...
2024-12-11 11:34:05,762 - basicLogger - INFO - Periodic service check started...
2024-12-11 11:34:10,762 - basicLogger - INFO - Periodic service check started...
2024-12-11 11:34:15,761 - basicLogger - INFO - Periodic service check started...
2024-12-11 11:34:26,363 - basicLogger - INFO - Periodic service check started...
2024-12-11 11:34:31,363 - basicLogger - INFO - Periodic service check started...
2024-12-11 11:34:36,363 - basicLogger - INFO - Periodic service check started...
2024-12-11 11:34:41,362 - basicLogger - INFO - Periodic service check started...
2024-12-11 11:34:46,362 - basicLogger - INFO - Periodic service check started...
2024-12-11 11:34:51,362 - basicLogger - INFO - Periodic service check started...
2024-12-11 11:34:56,363 - basicLogger - INFO - Periodic service check started...
2024-12-11 11:35:01,363 - basicLogger - INFO - Periodic service check started...
2024-12-11 11:35:06,363 - basicLogger - INFO - Periodic service check started...
2024-12-11 11:35:11,362 - basicLogger - INFO - Periodic service check started...
2024-12-11 11:35:16,364 - basicLogger - INFO - Periodic service check started...
2024-12-11 11:35:21,364 - basicLogger - INFO - Periodic service check started...
2024-12-11 11:35:26,363 - basicLogger - INFO - Periodic service check started...
2024-12-11 11:35:31,363 - basicLogger - INFO - Periodic service check started...
2024-12-11 11:35:36,362 - basicLogger - INFO - Periodic service check started...
2024-12-11 11:35:41,362 - basicLogger - INFO - Periodic service check started...
2024-12-11 11:35:46,362 - basicLogger - INFO - Periodic service check started...
2024-12-11 11:35:51,362 - basicLogger - INFO - Periodic service check started...
2024-12-11 11:35:56,362 - basicLogger - INFO - Periodic service check started...
2024-12-11 11:36:01,362 - basicLogger - INFO - Periodic service check started...
2024-12-11 11:36:06,362 - basicLogger - INFO - Periodic service check started...
2024-12-11 11:36:11,362 - basicLogger - INFO - Periodic service check started...
2024-12-11 11:36:16,363 - basicLogger - INFO - Periodic service check started...
2024-12-11 11:36:21,363 - basicLogger - INFO - Periodic service check started...
2024-12-11 11:36:26,362 - basicLogger - INFO - Periodic service check started...
2024-12-11 11:36:31,362 - basicLogger - INFO - Periodic service check started...
2024-12-11 11:36:36,362 - basicLogger - INFO - Periodic service check started...
2024-12-11 11:36:41,362 - basicLogger - INFO - Periodic service check started...
2024-12-11 11:36:46,362 - basicLogger - INFO - Periodic service check started...
2024-12-11 11:36:51,362 - basicLogger - INFO - Periodic service check started...
2024-12-11 11:36:56,362 - basicLogger - INFO - Periodic service check started...
2024-12-11 11:37:01,362 - basicLogger - INFO - Periodic service check started...
2024-12-11 11:37:06,362 - basicLogger - INFO - Periodic service check started...
2024-12-11 11:37:11,362 - basicLogger - INFO - Periodic service check started...
2024-12-11 11:37:16,362 - basicLogger - INFO - Periodic service check started...
2024-12-11 11:37:21,362 - basicLogger - INFO - Periodic service check started...
2024-12-11 11:37:26,362 - basicLogger - INFO - Periodic service check started...
2024-12-11 11:37:31,363 - basicLogger - INFO - Periodic service check started...
2024-12-11 11:37:36,362 - basicLogger - INFO - Periodic service check started...
2024-12-11 11:37:41,362 - basicLogger - INFO - Periodic service check started...
2024-12-11 11:37:46,364 - basicLogger - INFO - Periodic service check started...
2024-12-11 11:37:51,363 - basicLogger - INFO - Periodic service check started...
2024-12-11 11:37:56,363 - basicLogger - INFO - Periodic service check started...
2024-12-11 11:38:01,363 - basicLogger - INFO - Periodic service check started...
2024-12-11 11:38:06,362 - basicLogger - INFO - Periodic service check started...
2024-12-11 11:38:11,362 - basicLogger - INFO - Periodic service check started...
2024-12-11 11:38:16,362 - basicLogger - INFO - Periodic service check started...
2024-12-11 11:38:21,362 - basicLogger - INFO - Periodic service check started...
2024-12-11 11:38:26,362 - basicLogger - INFO - Periodic service check started...
2024-12-11 11:38:31,362 - basicLogger - INFO - Periodic service check started...
2024-12-11 11:38:36,362 - basicLogger - INFO - Periodic service check started...
2024-12-11 11:38:41,362 - basicLogger - INFO - Periodic service check started...
2024-12-11 11:38:46,362 - basicLogger - INFO - Periodic service check started...
2024-12-11 11:38:51,362 - basicLogger - INFO - Periodic service check started...
2024-12-11 11:38:56,362 - basicLogger - INFO - Periodic service check started...
2024-12-11 11:39:01,362 - basicLogger - INFO - Periodic service check started...
2024-12-11 11:39:06,362 - basicLogger - INFO - Periodic service check started...
2024-12-11 11:39:11,362 - basicLogger - INFO - Periodic service check started...
2024-12-11 11:39:16,362 - basicLogger - INFO - Periodic service check started...
2024-12-11 11:39:21,362 - basicLogger - INFO - Periodic service check started...
2024-12-11 11:39:26,362 - basicLogger - INFO - Periodic service check started...
2024-12-11 11:39:31,362 - basicLogger - INFO - Periodic service check started...
2024-12-11 11:39:36,363 - basicLogger - INFO - Periodic service check started...
2024-12-11 11:39:41,362 - basicLogger - INFO - Periodic service check started...
2024-12-11 11:39:46,363 - basicLogger - INFO - Periodic service check started...
2024-12-11 11:39:51,362 - basicLogger - INFO - Periodic service check started...
2024-12-11 11:39:56,362 - basicLogger - INFO - Periodic service check started...
2024-12-11 11:40:01,363 - basicLogger - INFO - Periodic service check started...
2024-12-11 11:40:06,362 - basicLogger - INFO - Periodic service check started...
2024-12-11 11:40:11,362 - basicLogger - INFO - Periodic service check started...
2024-12-11 11:40:16,362 - basicLogger - INFO - Periodic service check started...
2024-12-11 11:40:21,363 - basicLogger - INFO - Periodic service check started...
2024-12-11 11:40:26,363 - basicLogger - INFO - Periodic service check started...
2024-12-11 11:40:31,362 - basicLogger - INFO - Periodic service check started...
2024-12-11 11:40:36,363 - basicLogger - INFO - Periodic service check started...
2024-12-11 11:40:41,363 - basicLogger - INFO - Periodic service check started...
2024-12-11 11:40:46,363 - basicLogger - INFO - Periodic service check started...
2024-12-11 11:40:51,363 - basicLogger - INFO - Periodic service check started...
2024-12-11 11:40:56,363 - basicLogger - INFO - Periodic service check started...
2024-12-11 11:41:01,363 - basicLogger - INFO - Periodic service check started...
2024-12-11 11:41:06,362 - basicLogger - INFO - Periodic service check started...
2024-12-11 11:41:11,362 - basicLogger - INFO - Periodic service check started...
2024-12-11 11:41:16,362 - basicLogger - INFO - Periodic service check started...
2024-12-11 11:41:21,363 - basicLogger - INFO - Periodic service check started...
2024-12-11 11:41:26,362 - basicLogger - INFO - Periodic service check started...
2024-12-11 11:41:31,362 - basicLogger - INFO - Periodic service check started...
2024-12-11 11:41:36,362 - basicLogger - INFO - Periodic service check started...
2024-12-11 11:41:41,363 - basicLogger - INFO - Periodic service check started...
2024-12-11 11:41:46,362 - basicLogger - INFO - Periodic service check started...
2024-12-11 11:41:51,362 - basicLogger - INFO - Periodic service check started...
2024-12-11 11:41:56,362 - basicLogger - INFO - Periodic service check started...
2024-12-11 11:42:01,362 - basicLogger - INFO - Periodic service check started...
2024-12-11 11:42:06,362 - basicLogger - INFO - Periodic service check started...
2024-12-11 11:42:11,362 - basicLogger - INFO - Periodic service check started...
2024-12-11 11:42:16,362 - basicLogger - INFO - Periodic service check started...
2024-12-11 11:42:21,362 - basicLogger - INFO - Periodic service check started...
2024-12-11 11:42:26,362 - basicLogger - INFO - Periodic service check started...
2024-12-11 11:42:31,362 - basicLogger - INFO - Periodic service check started...
2024-12-11 11:42:36,363 - basicLogger - INFO - Periodic service check started...
2024-12-11 11:42:41,363 - basicLogger - INFO - Periodic service check started...
2024-12-11 11:42:46,362 - basicLogger - INFO - Periodic service check started...
2024-12-11 11:42:51,362 - basicLogger - INFO - Periodic service check started...
2024-12-11 11:42:56,363 - basicLogger - INFO - Periodic service check started...
2024-12-11 11:43:01,362 - basicLogger - INFO - Periodic service check started...
2024-12-11 11:43:06,362 - basicLogger - INFO - Periodic service check started...
2024-12-11 11:43:11,362 - basicLogger - INFO - Periodic service check started...
2024-12-11 11:43:16,362 - basicLogger - INFO - Periodic service check started...
2024-12-11 11:43:21,363 - basicLogger - INFO - Periodic service check started...
2024-12-11 11:43:26,363 - basicLogger - INFO - Periodic service check started...
2024-12-11 11:43:31,362 - basicLogger - INFO - Periodic service check started...
2024-12-11 11:43:36,362 - basicLogger - INFO - Periodic service check started...
2024-12-11 11:43:41,362 - basicLogger - INFO - Periodic service check started...
2024-12-11 11:43:46,363 - basicLogger - INFO - Periodic service check started...
2024-12-11 11:43:51,362 - basicLogger - INFO - Periodic service check started...
2024-12-11 11:43:56,362 - basicLogger - INFO - Periodic service check started...
2024-12-11 11:44:01,363 - basicLogger - INFO - Periodic service check started...
2024-12-11 11:44:06,362 - basicLogger - INFO - Periodic service check started...
2024-12-11 11:44:11,362 - basicLogger - INFO - Periodic service check started...
2024-12-11 11:44:16,363 - basicLogger - INFO - Periodic service check started...
2024-12-11 11:44:21,363 - basicLogger - INFO - Periodic service check started...
2024-12-11 11:44:26,362 - basicLogger - INFO - Periodic service check started...
2024-12-11 11:44:36,138 - basicLogger - INFO - Periodic service check started...
2024-12-11 11:44:41,138 - basicLogger - INFO - Periodic service check started...
2024-12-11 11:44:46,137 - basicLogger - INFO - Periodic service check started...
2024-12-11 11:44:51,137 - basicLogger - INFO - Periodic service check started...
2024-12-11 11:44:56,138 - basicLogger - INFO - Periodic service check started...
2024-12-11 11:45:01,138 - basicLogger - INFO - Periodic service check started...
2024-12-11 11:45:06,137 - basicLogger - INFO - Periodic service check started...
2024-12-11 11:45:11,138 - basicLogger - INFO - Periodic service check started...
2024-12-11 11:45:16,138 - basicLogger - INFO - Periodic service check started...
2024-12-11 11:45:21,137 - basicLogger - INFO - Periodic service check started...
2024-12-11 11:45:26,137 - basicLogger - INFO - Periodic service check started...
2024-12-11 11:45:31,138 - basicLogger - INFO - Periodic service check started...
2024-12-11 11:45:36,138 - basicLogger - INFO - Periodic service check started...
2024-12-11 11:45:41,138 - basicLogger - INFO - Periodic service check started...
2024-12-11 11:45:46,138 - basicLogger - INFO - Periodic service check started...
2024-12-11 11:45:51,138 - basicLogger - INFO - Periodic service check started...
2024-12-11 11:45:56,138 - basicLogger - INFO - Periodic service check started...
2024-12-11 11:46:01,138 - basicLogger - INFO - Periodic service check started...
2024-12-11 11:46:06,138 - basicLogger - INFO - Periodic service check started...
2024-12-11 11:46:11,138 - basicLogger - INFO - Periodic service check started...
2024-12-11 11:46:16,137 - basicLogger - INFO - Periodic service check started...
2024-12-11 11:46:21,137 - basicLogger - INFO - Periodic service check started...
2024-12-11 11:46:26,137 - basicLogger - INFO - Periodic service check started...
2024-12-11 11:46:31,137 - basicLogger - INFO - Periodic service check started...
2024-12-11 11:46:36,138 - basicLogger - INFO - Periodic service check started...
2024-12-11 11:46:41,137 - basicLogger - INFO - Periodic service check started...
2024-12-11 11:46:46,138 - basicLogger - INFO - Periodic service check started...
2024-12-11 11:46:51,137 - basicLogger - INFO - Periodic service check started...
2024-12-11 11:46:56,137 - basicLogger - INFO - Periodic service check started...
2024-12-11 11:47:01,137 - basicLogger - INFO - Periodic service check started...
2024-12-11 11:47:06,138 - basicLogger - INFO - Periodic service check started...
2024-12-11 11:47:11,137 - basicLogger - INFO - Periodic service check started...
2024-12-11 11:47:16,137 - basicLogger - INFO - Periodic service check started...
2024-12-11 11:47:24,909 - basicLogger - INFO - Periodic service check started...
2024-12-11 11:47:25,066 - basicLogger - INFO - Periodic service check started...
2024-12-11 11:47:26,779 - basicLogger - INFO - Periodic service check started...
2024-12-11 11:47:29,909 - basicLogger - INFO - Periodic service check started...
2024-12-11 11:47:34,909 - basicLogger - INFO - Periodic service check started...
2024-12-11 11:47:39,909 - basicLogger - INFO - Periodic service check started...
2024-12-11 11:47:44,909 - basicLogger - INFO - Periodic service check started...
2024-12-11 11:47:49,909 - basicLogger - INFO - Periodic service check started...
2024-12-11 11:47:54,909 - basicLogger - INFO - Periodic service check started...
2024-12-11 11:47:59,909 - basicLogger - INFO - Periodic service check started...
2024-12-11 11:48:04,909 - basicLogger - INFO - Periodic service check started...
2024-12-11 11:48:09,909 - basicLogger - INFO - Periodic service check started...
2024-12-11 11:48:14,910 - basicLogger - INFO - Periodic service check started...
2024-12-11 11:48:19,910 - basicLogger - INFO - Periodic service check started...
2024-12-11 11:48:24,910 - basicLogger - INFO - Periodic service check started...
2024-12-11 11:48:29,909 - basicLogger - INFO - Periodic service check started...
2024-12-11 11:48:34,909 - basicLogger - INFO - Periodic service check started...
2024-12-11 11:48:39,909 - basicLogger - INFO - Periodic service check started...
2024-12-11 11:48:44,910 - basicLogger - INFO - Periodic service check started...
2024-12-11 11:48:49,910 - basicLogger - INFO - Periodic service check started...
2024-12-11 11:48:54,909 - basicLogger - INFO - Periodic service check started...
2024-12-11 11:49:07,159 - basicLogger - INFO - Periodic service check started...
2024-12-11 11:49:07,247 - basicLogger - INFO - Receiver is Healthy
2024-12-11 11:49:12,159 - basicLogger - INFO - Periodic service check started...
2024-12-11 11:49:12,368 - basicLogger - INFO - Receiver is Healthy
2024-12-11 11:49:17,159 - basicLogger - INFO - Periodic service check started...
2024-12-11 11:49:17,487 - basicLogger - INFO - Receiver is Healthy
2024-12-11 11:49:22,159 - basicLogger - INFO - Periodic service check started...
2024-12-11 11:49:22,384 - basicLogger - INFO - Receiver is Healthy
2024-12-11 11:49:26,215 - basicLogger - INFO - Periodic service check started...
2024-12-11 11:49:26,393 - basicLogger - INFO - Receiver is Healthy
2024-12-11 11:49:27,159 - basicLogger - INFO - Periodic service check started...
2024-12-11 11:49:27,317 - basicLogger - INFO - Receiver is Healthy
2024-12-11 11:49:32,159 - basicLogger - INFO - Periodic service check started...
2024-12-11 11:49:32,335 - basicLogger - INFO - Receiver is Healthy
2024-12-11 11:49:37,159 - basicLogger - INFO - Periodic service check started...
2024-12-11 11:49:37,455 - basicLogger - INFO - Receiver is Healthy
2024-12-11 11:49:42,159 - basicLogger - INFO - Periodic service check started...
2024-12-11 11:49:42,370 - basicLogger - INFO - Receiver is Healthy
2024-12-11 11:49:47,159 - basicLogger - INFO - Periodic service check started...
2024-12-11 11:49:47,490 - basicLogger - INFO - Receiver is Healthy
2024-12-11 11:49:52,160 - basicLogger - INFO - Periodic service check started...
2024-12-11 11:49:52,405 - basicLogger - INFO - Receiver is Healthy
2024-12-11 11:49:57,159 - basicLogger - INFO - Periodic service check started...
2024-12-11 11:49:57,327 - basicLogger - INFO - Receiver is Healthy
2024-12-11 11:50:02,159 - basicLogger - INFO - Periodic service check started...
2024-12-11 11:50:02,239 - basicLogger - INFO - Receiver is Healthy
2024-12-11 11:50:07,159 - basicLogger - INFO - Periodic service check started...
2024-12-11 11:50:07,351 - basicLogger - INFO - Receiver is Healthy
2024-12-11 11:50:41,153 - basicLogger - INFO - Periodic service check started...
2024-12-11 11:50:41,349 - basicLogger - INFO - Receiver is Healthy
2024-12-11 11:50:41,553 - basicLogger - INFO - Storage is Healthy
2024-12-11 11:50:41,963 - basicLogger - INFO - Processing returned non-200 response
2024-12-11 11:50:42,173 - basicLogger - INFO - Analyzer returned non-200 response
2024-12-11 11:50:42,174 - basicLogger - INFO - Service check completed and status.json updated
2024-12-11 11:50:42,860 - basicLogger - INFO - Periodic service check started...
2024-12-11 11:50:43,091 - basicLogger - INFO - Receiver is Healthy
2024-12-11 11:50:43,294 - basicLogger - INFO - Storage is Healthy
2024-12-11 11:50:43,601 - basicLogger - INFO - Processing returned non-200 response
2024-12-11 11:50:43,806 - basicLogger - INFO - Analyzer returned non-200 response
2024-12-11 11:50:43,807 - basicLogger - INFO - Service check completed and status.json updated
2024-12-11 11:50:47,859 - basicLogger - INFO - Periodic service check started...
2024-12-11 11:50:48,106 - basicLogger - INFO - Receiver is Healthy
2024-12-11 11:50:48,312 - basicLogger - INFO - Storage is Healthy
2024-12-11 11:50:48,619 - basicLogger - INFO - Processing returned non-200 response
2024-12-11 11:50:48,824 - basicLogger - INFO - Analyzer returned non-200 response
2024-12-11 11:50:48,825 - basicLogger - INFO - Service check completed and status.json updated
2024-12-11 11:50:52,859 - basicLogger - INFO - Periodic service check started...
2024-12-11 11:50:53,129 - basicLogger - INFO - Receiver is Healthy
2024-12-11 11:50:53,329 - basicLogger - INFO - Storage is Healthy
2024-12-11 11:50:53,637 - basicLogger - INFO - Processing returned non-200 response
2024-12-11 11:50:53,851 - basicLogger - INFO - Analyzer returned non-200 response
2024-12-11 11:50:53,856 - basicLogger - INFO - Service check completed and status.json updated
2024-12-11 11:50:57,859 - basicLogger - INFO - Periodic service check started...
2024-12-11 11:50:58,039 - basicLogger - INFO - Receiver is Healthy
2024-12-11 11:50:58,245 - basicLogger - INFO - Storage is Healthy
2024-12-11 11:50:58,553 - basicLogger - INFO - Processing returned non-200 response
2024-12-11 11:50:58,757 - basicLogger - INFO - Analyzer returned non-200 response
2024-12-11 11:50:58,758 - basicLogger - INFO - Service check completed and status.json updated
2024-12-11 11:51:02,859 - basicLogger - INFO - Periodic service check started...
2024-12-11 11:51:03,176 - basicLogger - INFO - Receiver is Healthy
2024-12-11 11:51:03,365 - basicLogger - INFO - Storage is Healthy
2024-12-11 11:51:03,622 - basicLogger - INFO - Processing returned non-200 response
2024-12-11 11:51:03,877 - basicLogger - INFO - Analyzer returned non-200 response
2024-12-11 11:51:03,878 - basicLogger - INFO - Service check completed and status.json updated
2024-12-11 11:51:07,859 - basicLogger - INFO - Periodic service check started...
2024-12-11 11:51:08,075 - basicLogger - INFO - Receiver is Healthy
2024-12-11 11:51:08,280 - basicLogger - INFO - Storage is Healthy
2024-12-11 11:51:08,589 - basicLogger - INFO - Processing returned non-200 response
2024-12-11 11:51:08,792 - basicLogger - INFO - Analyzer returned non-200 response
2024-12-11 11:51:08,793 - basicLogger - INFO - Service check completed and status.json updated
2024-12-11 11:51:12,860 - basicLogger - INFO - Periodic service check started...
2024-12-11 11:51:13,093 - basicLogger - INFO - Receiver is Healthy
2024-12-11 11:51:13,297 - basicLogger - INFO - Storage is Healthy
2024-12-11 11:51:13,605 - basicLogger - INFO - Processing returned non-200 response
2024-12-11 11:51:13,810 - basicLogger - INFO - Analyzer returned non-200 response
2024-12-11 11:51:13,811 - basicLogger - INFO - Service check completed and status.json updated
2024-12-11 11:51:17,860 - basicLogger - INFO - Periodic service check started...
2024-12-11 11:51:18,222 - basicLogger - INFO - Receiver is Healthy
2024-12-11 11:51:18,418 - basicLogger - INFO - Storage is Healthy
2024-12-11 11:51:18,729 - basicLogger - INFO - Processing returned non-200 response
2024-12-11 11:51:19,033 - basicLogger - INFO - Analyzer returned non-200 response
2024-12-11 11:51:19,034 - basicLogger - INFO - Service check completed and status.json updated
2024-12-11 11:51:22,859 - basicLogger - INFO - Periodic service check started...
2024-12-11 11:51:23,025 - basicLogger - INFO - Receiver is Healthy
2024-12-11 11:51:23,235 - basicLogger - INFO - Storage is Healthy
2024-12-11 11:51:23,537 - basicLogger - INFO - Processing returned non-200 response
2024-12-11 11:51:23,721 - basicLogger - INFO - Analyzer returned non-200 response
2024-12-11 11:51:23,723 - basicLogger - INFO - Service check completed and status.json updated
2024-12-11 11:51:27,859 - basicLogger - INFO - Periodic service check started...
2024-12-11 11:51:28,042 - basicLogger - INFO - Receiver is Healthy
2024-12-11 11:51:28,252 - basicLogger - INFO - Storage is Healthy
2024-12-11 11:51:28,540 - basicLogger - INFO - Processing returned non-200 response
2024-12-11 11:51:28,761 - basicLogger - INFO - Analyzer returned non-200 response
2024-12-11 11:51:28,763 - basicLogger - INFO - Service check completed and status.json updated
2024-12-11 11:51:32,860 - basicLogger - INFO - Periodic service check started...
2024-12-11 11:51:33,061 - basicLogger - INFO - Receiver is Healthy
2024-12-11 11:51:33,282 - basicLogger - INFO - Storage is Healthy
2024-12-11 11:51:33,573 - basicLogger - INFO - Processing returned non-200 response
2024-12-11 11:51:33,778 - basicLogger - INFO - Analyzer returned non-200 response
2024-12-11 11:51:33,780 - basicLogger - INFO - Service check completed and status.json updated
2024-12-11 11:51:37,860 - basicLogger - INFO - Periodic service check started...
2024-12-11 11:51:37,930 - basicLogger - INFO - Receiver is Healthy
2024-12-11 11:51:38,009 - basicLogger - INFO - Storage is Healthy
2024-12-11 11:51:38,108 - basicLogger - INFO - Processing returned non-200 response
2024-12-11 11:51:38,212 - basicLogger - INFO - Analyzer returned non-200 response
2024-12-11 11:51:38,213 - basicLogger - INFO - Service check completed and status.json updated
2024-12-11 11:51:42,860 - basicLogger - INFO - Periodic service check started...
2024-12-11 11:51:43,266 - basicLogger - INFO - Receiver is Healthy
2024-12-11 11:51:43,355 - basicLogger - INFO - Storage is Healthy
2024-12-11 11:51:43,467 - basicLogger - INFO - Processing returned non-200 response
2024-12-11 11:51:43,562 - basicLogger - INFO - Analyzer returned non-200 response
2024-12-11 11:51:43,563 - basicLogger - INFO - Service check completed and status.json updated
2024-12-11 11:51:47,859 - basicLogger - INFO - Periodic service check started...
2024-12-11 11:51:47,927 - basicLogger - INFO - Receiver is Healthy
2024-12-11 11:51:48,002 - basicLogger - INFO - Storage is Healthy
2024-12-11 11:51:48,100 - basicLogger - INFO - Processing returned non-200 response
2024-12-11 11:51:48,209 - basicLogger - INFO - Analyzer returned non-200 response
2024-12-11 11:51:48,210 - basicLogger - INFO - Service check completed and status.json updated
2024-12-11 11:51:52,859 - basicLogger - INFO - Periodic service check started...
2024-12-11 11:51:53,028 - basicLogger - INFO - Receiver is Healthy
2024-12-11 11:51:53,426 - basicLogger - INFO - Storage is Healthy
2024-12-11 11:51:53,746 - basicLogger - INFO - Processing returned non-200 response
2024-12-11 11:51:53,950 - basicLogger - INFO - Analyzer returned non-200 response
2024-12-11 11:51:53,951 - basicLogger - INFO - Service check completed and status.json updated
2024-12-11 11:51:57,859 - basicLogger - INFO - Periodic service check started...
2024-12-11 11:51:58,149 - basicLogger - INFO - Receiver is Healthy
2024-12-11 11:51:58,354 - basicLogger - INFO - Storage is Healthy
2024-12-11 11:51:58,767 - basicLogger - INFO - Processing returned non-200 response
2024-12-11 11:51:58,968 - basicLogger - INFO - Analyzer returned non-200 response
2024-12-11 11:51:58,969 - basicLogger - INFO - Service check completed and status.json updated
2024-12-11 11:52:02,861 - basicLogger - INFO - Periodic service check started...
2024-12-11 11:52:02,992 - basicLogger - INFO - Receiver is Healthy
2024-12-11 11:52:03,166 - basicLogger - INFO - Storage is Healthy
2024-12-11 11:52:03,434 - basicLogger - INFO - Processing returned non-200 response
2024-12-11 11:52:03,678 - basicLogger - INFO - Analyzer returned non-200 response
2024-12-11 11:52:03,679 - basicLogger - INFO - Service check completed and status.json updated
2024-12-11 11:52:07,860 - basicLogger - INFO - Periodic service check started...
2024-12-11 11:52:08,082 - basicLogger - INFO - Receiver is Healthy
2024-12-11 11:52:08,293 - basicLogger - INFO - Storage is Healthy
2024-12-11 11:52:08,697 - basicLogger - INFO - Processing returned non-200 response
2024-12-11 11:52:08,899 - basicLogger - INFO - Analyzer returned non-200 response
2024-12-11 11:52:08,900 - basicLogger - INFO - Service check completed and status.json updated
2024-12-11 11:52:12,859 - basicLogger - INFO - Periodic service check started...
2024-12-11 11:52:13,508 - basicLogger - INFO - Receiver is Healthy
2024-12-11 11:52:13,713 - basicLogger - INFO - Storage is Healthy
2024-12-11 11:52:14,021 - basicLogger - INFO - Processing returned non-200 response
2024-12-11 11:52:14,242 - basicLogger - INFO - Analyzer returned non-200 response
2024-12-11 11:52:14,244 - basicLogger - INFO - Service check completed and status.json updated
2024-12-11 11:52:17,859 - basicLogger - INFO - Periodic service check started...
2024-12-11 11:52:18,014 - basicLogger - INFO - Receiver is Healthy
2024-12-11 11:52:18,319 - basicLogger - INFO - Storage is Healthy
2024-12-11 11:52:18,629 - basicLogger - INFO - Processing returned non-200 response
2024-12-11 11:52:18,834 - basicLogger - INFO - Analyzer returned non-200 response
2024-12-11 11:52:18,835 - basicLogger - INFO - Service check completed and status.json updated
2024-12-11 11:52:22,859 - basicLogger - INFO - Periodic service check started...
2024-12-11 11:52:23,031 - basicLogger - INFO - Receiver is Healthy
2024-12-11 11:52:23,254 - basicLogger - INFO - Storage is Healthy
2024-12-11 11:52:23,545 - basicLogger - INFO - Processing returned non-200 response
2024-12-11 11:52:23,851 - basicLogger - INFO - Analyzer returned non-200 response
2024-12-11 11:52:23,853 - basicLogger - INFO - Service check completed and status.json updated
2024-12-11 11:52:27,859 - basicLogger - INFO - Periodic service check started...
2024-12-11 11:52:27,938 - basicLogger - INFO - Receiver is Healthy
2024-12-11 11:52:28,013 - basicLogger - INFO - Storage is Healthy
2024-12-11 11:52:28,113 - basicLogger - INFO - Processing returned non-200 response
2024-12-11 11:52:28,213 - basicLogger - INFO - Analyzer returned non-200 response
2024-12-11 11:52:28,215 - basicLogger - INFO - Service check completed and status.json updated
2024-12-11 11:52:32,859 - basicLogger - INFO - Periodic service check started...
2024-12-11 11:52:33,067 - basicLogger - INFO - Receiver is Healthy
2024-12-11 11:52:33,282 - basicLogger - INFO - Storage is Healthy
2024-12-11 11:52:33,681 - basicLogger - INFO - Processing returned non-200 response
2024-12-11 11:52:33,804 - basicLogger - INFO - Analyzer returned non-200 response
2024-12-11 11:52:33,805 - basicLogger - INFO - Service check completed and status.json updated
2024-12-11 11:52:37,859 - basicLogger - INFO - Periodic service check started...
2024-12-11 11:52:38,085 - basicLogger - INFO - Receiver is Healthy
2024-12-11 11:52:38,304 - basicLogger - INFO - Storage is Healthy
2024-12-11 11:52:38,597 - basicLogger - INFO - Processing returned non-200 response
2024-12-11 11:52:38,801 - basicLogger - INFO - Analyzer returned non-200 response
2024-12-11 11:52:38,803 - basicLogger - INFO - Service check completed and status.json updated
2024-12-11 11:52:42,859 - basicLogger - INFO - Periodic service check started...
2024-12-11 11:52:43,102 - basicLogger - INFO - Receiver is Healthy
2024-12-11 11:52:43,512 - basicLogger - INFO - Storage is Healthy
2024-12-11 11:52:43,819 - basicLogger - INFO - Processing returned non-200 response
2024-12-11 11:52:44,023 - basicLogger - INFO - Analyzer returned non-200 response
2024-12-11 11:52:44,024 - basicLogger - INFO - Service check completed and status.json updated
2024-12-11 11:52:47,859 - basicLogger - INFO - Periodic service check started...
2024-12-11 11:52:48,018 - basicLogger - INFO - Receiver is Healthy
2024-12-11 11:52:48,334 - basicLogger - INFO - Storage is Healthy
2024-12-11 11:52:48,734 - basicLogger - INFO - Processing returned non-200 response
2024-12-11 11:52:48,939 - basicLogger - INFO - Analyzer returned non-200 response
2024-12-11 11:52:48,940 - basicLogger - INFO - Service check completed and status.json updated
2024-12-11 11:52:52,859 - basicLogger - INFO - Periodic service check started...
2024-12-11 11:52:53,035 - basicLogger - INFO - Receiver is Healthy
2024-12-11 11:52:53,348 - basicLogger - INFO - Storage is Healthy
2024-12-11 11:52:53,548 - basicLogger - INFO - Processing returned non-200 response
2024-12-11 11:52:53,752 - basicLogger - INFO - Analyzer returned non-200 response
2024-12-11 11:52:53,753 - basicLogger - INFO - Service check completed and status.json updated
2024-12-11 11:52:57,860 - basicLogger - INFO - Periodic service check started...
2024-12-11 11:52:58,052 - basicLogger - INFO - Receiver is Healthy
2024-12-11 11:52:58,263 - basicLogger - INFO - Storage is Healthy
2024-12-11 11:52:58,565 - basicLogger - INFO - Processing returned non-200 response
2024-12-11 11:52:58,770 - basicLogger - INFO - Analyzer returned non-200 response
2024-12-11 11:52:58,771 - basicLogger - INFO - Service check completed and status.json updated
2024-12-11 11:53:02,860 - basicLogger - INFO - Periodic service check started...
2024-12-11 11:53:03,070 - basicLogger - INFO - Receiver is Healthy
2024-12-11 11:53:03,281 - basicLogger - INFO - Storage is Healthy
2024-12-11 11:53:03,582 - basicLogger - INFO - Processing returned non-200 response
2024-12-11 11:53:03,729 - basicLogger - INFO - Analyzer returned non-200 response
2024-12-11 11:53:03,730 - basicLogger - INFO - Service check completed and status.json updated
2024-12-11 11:53:07,860 - basicLogger - INFO - Periodic service check started...
2024-12-11 11:53:08,088 - basicLogger - INFO - Receiver is Healthy
2024-12-11 11:53:08,244 - basicLogger - INFO - Storage is Healthy
2024-12-11 11:53:08,498 - basicLogger - INFO - Processing returned non-200 response
2024-12-11 11:53:08,703 - basicLogger - INFO - Analyzer returned non-200 response
2024-12-11 11:53:08,704 - basicLogger - INFO - Service check completed and status.json updated
2024-12-11 11:53:12,859 - basicLogger - INFO - Periodic service check started...
2024-12-11 11:53:13,105 - basicLogger - INFO - Receiver is Healthy
2024-12-11 11:53:13,413 - basicLogger - INFO - Storage is Healthy
2024-12-11 11:53:13,721 - basicLogger - INFO - Processing returned non-200 response
2024-12-11 11:53:13,926 - basicLogger - INFO - Analyzer returned non-200 response
2024-12-11 11:53:13,928 - basicLogger - INFO - Service check completed and status.json updated
2024-12-11 11:53:17,859 - basicLogger - INFO - Periodic service check started...
2024-12-11 11:53:18,019 - basicLogger - INFO - Receiver is Healthy
2024-12-11 11:53:18,226 - basicLogger - INFO - Storage is Healthy
2024-12-11 11:53:18,635 - basicLogger - INFO - Processing returned non-200 response
2024-12-11 11:53:18,842 - basicLogger - INFO - Analyzer returned non-200 response
2024-12-11 11:53:18,844 - basicLogger - INFO - Service check completed and status.json updated
2024-12-11 11:53:22,859 - basicLogger - INFO - Periodic service check started...
2024-12-11 11:53:23,039 - basicLogger - INFO - Receiver is Healthy
2024-12-11 11:53:23,243 - basicLogger - INFO - Storage is Healthy
2024-12-11 11:53:23,426 - basicLogger - INFO - Processing returned non-200 response
2024-12-11 11:53:23,531 - basicLogger - INFO - Analyzer returned non-200 response
2024-12-11 11:53:23,532 - basicLogger - INFO - Service check completed and status.json updated
2024-12-11 11:53:27,859 - basicLogger - INFO - Periodic service check started...
2024-12-11 11:53:27,931 - basicLogger - INFO - Receiver is Healthy
2024-12-11 11:53:28,001 - basicLogger - INFO - Storage is Healthy
2024-12-11 11:53:28,095 - basicLogger - INFO - Processing returned non-200 response
2024-12-11 11:53:28,195 - basicLogger - INFO - Analyzer returned non-200 response
2024-12-11 11:53:28,197 - basicLogger - INFO - Service check completed and status.json updated
2024-12-11 11:53:32,859 - basicLogger - INFO - Periodic service check started...
2024-12-11 11:53:33,073 - basicLogger - INFO - Receiver is Healthy
2024-12-11 11:53:33,338 - basicLogger - INFO - Storage is Healthy
2024-12-11 11:53:33,693 - basicLogger - INFO - Processing returned non-200 response
2024-12-11 11:53:33,846 - basicLogger - INFO - Analyzer returned non-200 response
2024-12-11 11:53:33,847 - basicLogger - INFO - Service check completed and status.json updated
2024-12-11 11:53:37,860 - basicLogger - INFO - Periodic service check started...
2024-12-11 11:53:38,091 - basicLogger - INFO - Receiver is Healthy
2024-12-11 11:53:38,384 - basicLogger - INFO - Storage is Healthy
2024-12-11 11:53:38,707 - basicLogger - INFO - Processing returned non-200 response
2024-12-11 11:53:38,912 - basicLogger - INFO - Analyzer returned non-200 response
2024-12-11 11:53:38,914 - basicLogger - INFO - Service check completed and status.json updated
2024-12-11 11:53:42,859 - basicLogger - INFO - Periodic service check started...
2024-12-11 11:53:43,211 - basicLogger - INFO - Receiver is Healthy
2024-12-11 11:53:43,417 - basicLogger - INFO - Storage is Healthy
2024-12-11 11:53:43,723 - basicLogger - INFO - Processing returned non-200 response
2024-12-11 11:53:43,928 - basicLogger - INFO - Analyzer returned non-200 response
2024-12-11 11:53:43,929 - basicLogger - INFO - Service check completed and status.json updated
2024-12-11 11:53:47,860 - basicLogger - INFO - Periodic service check started...
2024-12-11 11:53:48,024 - basicLogger - INFO - Receiver is Healthy
2024-12-11 11:53:48,230 - basicLogger - INFO - Storage is Healthy
2024-12-11 11:53:48,640 - basicLogger - INFO - Processing returned non-200 response
2024-12-11 11:53:48,945 - basicLogger - INFO - Analyzer returned non-200 response
2024-12-11 11:53:48,946 - basicLogger - INFO - Service check completed and status.json updated
2024-12-11 11:53:52,859 - basicLogger - INFO - Periodic service check started...
2024-12-11 11:53:53,041 - basicLogger - INFO - Receiver is Healthy
2024-12-11 11:53:53,247 - basicLogger - INFO - Storage is Healthy
2024-12-11 11:53:53,555 - basicLogger - INFO - Processing returned non-200 response
2024-12-11 11:53:53,692 - basicLogger - INFO - Analyzer returned non-200 response
2024-12-11 11:53:53,693 - basicLogger - INFO - Service check completed and status.json updated
2024-12-11 11:53:57,859 - basicLogger - INFO - Periodic service check started...
2024-12-11 11:53:57,963 - basicLogger - INFO - Receiver is Healthy
2024-12-11 11:53:58,162 - basicLogger - INFO - Storage is Healthy
2024-12-11 11:53:58,470 - basicLogger - INFO - Processing returned non-200 response
2024-12-11 11:53:58,575 - basicLogger - INFO - Analyzer returned non-200 response
2024-12-11 11:53:58,577 - basicLogger - INFO - Service check completed and status.json updated
2024-12-11 11:54:02,859 - basicLogger - INFO - Periodic service check started...
2024-12-11 11:54:02,974 - basicLogger - INFO - Receiver is Healthy
2024-12-11 11:54:03,115 - basicLogger - INFO - Storage is Healthy
2024-12-11 11:54:03,315 - basicLogger - INFO - Processing returned non-200 response
2024-12-11 11:54:03,576 - basicLogger - INFO - Analyzer returned non-200 response
2024-12-11 11:54:03,577 - basicLogger - INFO - Service check completed and status.json updated
2024-12-11 11:54:07,859 - basicLogger - INFO - Periodic service check started...
2024-12-11 11:54:08,094 - basicLogger - INFO - Receiver is Healthy
2024-12-11 11:54:08,299 - basicLogger - INFO - Storage is Healthy
2024-12-11 11:54:08,606 - basicLogger - INFO - Processing returned non-200 response
2024-12-11 11:54:08,812 - basicLogger - INFO - Analyzer returned non-200 response
2024-12-11 11:54:08,813 - basicLogger - INFO - Service check completed and status.json updated
2024-12-11 11:54:12,859 - basicLogger - INFO - Periodic service check started...
2024-12-11 11:54:13,214 - basicLogger - INFO - Receiver is Healthy
2024-12-11 11:54:13,523 - basicLogger - INFO - Storage is Healthy
2024-12-11 11:54:13,727 - basicLogger - INFO - Processing returned non-200 response
2024-12-11 11:54:13,915 - basicLogger - INFO - Analyzer returned non-200 response
2024-12-11 11:54:13,916 - basicLogger - INFO - Service check completed and status.json updated
2024-12-11 11:54:17,859 - basicLogger - INFO - Periodic service check started...
2024-12-11 11:54:18,129 - basicLogger - INFO - Receiver is Healthy
2024-12-11 11:54:18,437 - basicLogger - INFO - Storage is Healthy
2024-12-11 11:54:18,744 - basicLogger - INFO - Processing returned non-200 response
2024-12-11 11:54:18,949 - basicLogger - INFO - Analyzer returned non-200 response
2024-12-11 11:54:18,950 - basicLogger - INFO - Service check completed and status.json updated
2024-12-11 11:54:22,859 - basicLogger - INFO - Periodic service check started...
2024-12-11 11:54:23,046 - basicLogger - INFO - Receiver is Healthy
2024-12-11 11:54:23,358 - basicLogger - INFO - Storage is Healthy
2024-12-11 11:54:23,765 - basicLogger - INFO - Processing returned non-200 response
2024-12-11 11:54:23,966 - basicLogger - INFO - Analyzer returned non-200 response
2024-12-11 11:54:23,967 - basicLogger - INFO - Service check completed and status.json updated
2024-12-11 11:54:27,860 - basicLogger - INFO - Periodic service check started...
2024-12-11 11:54:28,063 - basicLogger - INFO - Receiver is Healthy
2024-12-11 11:54:28,267 - basicLogger - INFO - Storage is Healthy
2024-12-11 11:54:28,575 - basicLogger - INFO - Processing returned non-200 response
2024-12-11 11:54:28,783 - basicLogger - INFO - Analyzer returned non-200 response
2024-12-11 11:54:28,785 - basicLogger - INFO - Service check completed and status.json updated
2024-12-11 11:54:32,860 - basicLogger - INFO - Periodic service check started...
2024-12-11 11:54:33,080 - basicLogger - INFO - Receiver is Healthy
2024-12-11 11:54:33,285 - basicLogger - INFO - Storage is Healthy
2024-12-11 11:54:33,595 - basicLogger - INFO - Processing returned non-200 response
2024-12-11 11:54:33,798 - basicLogger - INFO - Analyzer returned non-200 response
2024-12-11 11:54:33,799 - basicLogger - INFO - Service check completed and status.json updated
2024-12-11 11:54:37,860 - basicLogger - INFO - Periodic service check started...
2024-12-11 11:54:38,032 - basicLogger - INFO - Receiver is Healthy
2024-12-11 11:54:38,109 - basicLogger - INFO - Storage is Healthy
2024-12-11 11:54:38,204 - basicLogger - INFO - Processing returned non-200 response
2024-12-11 11:54:38,303 - basicLogger - INFO - Analyzer returned non-200 response
2024-12-11 11:54:38,305 - basicLogger - INFO - Service check completed and status.json updated
2024-12-11 11:54:42,859 - basicLogger - INFO - Periodic service check started...
2024-12-11 11:54:43,013 - basicLogger - INFO - Receiver is Healthy
2024-12-11 11:54:43,220 - basicLogger - INFO - Storage is Healthy
2024-12-11 11:54:43,525 - basicLogger - INFO - Processing returned non-200 response
2024-12-11 11:54:43,729 - basicLogger - INFO - Analyzer returned non-200 response
2024-12-11 11:54:43,730 - basicLogger - INFO - Service check completed and status.json updated
2024-12-11 11:54:47,859 - basicLogger - INFO - Periodic service check started...
2024-12-11 11:54:48,033 - basicLogger - INFO - Receiver is Healthy
2024-12-11 11:54:48,235 - basicLogger - INFO - Storage is Healthy
2024-12-11 11:54:48,542 - basicLogger - INFO - Processing returned non-200 response
2024-12-11 11:54:48,748 - basicLogger - INFO - Analyzer returned non-200 response
2024-12-11 11:54:48,749 - basicLogger - INFO - Service check completed and status.json updated
2024-12-11 11:54:52,859 - basicLogger - INFO - Periodic service check started...
2024-12-11 11:54:53,049 - basicLogger - INFO - Receiver is Healthy
2024-12-11 11:54:53,253 - basicLogger - INFO - Storage is Healthy
2024-12-11 11:54:53,663 - basicLogger - INFO - Processing returned non-200 response
2024-12-11 11:54:53,867 - basicLogger - INFO - Analyzer returned non-200 response
2024-12-11 11:54:53,868 - basicLogger - INFO - Service check completed and status.json updated
2024-12-11 11:54:57,859 - basicLogger - INFO - Periodic service check started...
2024-12-11 11:54:58,066 - basicLogger - INFO - Receiver is Healthy
2024-12-11 11:54:58,271 - basicLogger - INFO - Storage is Healthy
2024-12-11 11:54:58,578 - basicLogger - INFO - Processing returned non-200 response
2024-12-11 11:54:58,782 - basicLogger - INFO - Analyzer returned non-200 response
2024-12-11 11:54:58,783 - basicLogger - INFO - Service check completed and status.json updated
2024-12-11 11:55:02,859 - basicLogger - INFO - Periodic service check started...
2024-12-11 11:55:02,939 - basicLogger - INFO - Receiver is Healthy
2024-12-11 11:55:03,180 - basicLogger - INFO - Storage is Healthy
2024-12-11 11:55:03,281 - basicLogger - INFO - Processing returned non-200 response
2024-12-11 11:55:03,559 - basicLogger - INFO - Analyzer returned non-200 response
2024-12-11 11:55:03,560 - basicLogger - INFO - Service check completed and status.json updated
2024-12-11 11:55:07,859 - basicLogger - INFO - Periodic service check started...
2024-12-11 11:55:07,939 - basicLogger - INFO - Receiver is Healthy
2024-12-11 11:55:08,015 - basicLogger - INFO - Storage is Healthy
2024-12-11 11:55:08,252 - basicLogger - INFO - Processing returned non-200 response
2024-12-11 11:55:08,348 - basicLogger - INFO - Analyzer returned non-200 response
2024-12-11 11:55:08,349 - basicLogger - INFO - Service check completed and status.json updated
2024-12-11 11:55:12,859 - basicLogger - INFO - Periodic service check started...
2024-12-11 11:55:13,016 - basicLogger - INFO - Receiver is Healthy
2024-12-11 11:55:13,323 - basicLogger - INFO - Storage is Healthy
2024-12-11 11:55:13,636 - basicLogger - INFO - Processing returned non-200 response
2024-12-11 11:55:13,835 - basicLogger - INFO - Analyzer returned non-200 response
2024-12-11 11:55:13,837 - basicLogger - INFO - Service check completed and status.json updated
2024-12-11 11:55:17,859 - basicLogger - INFO - Periodic service check started...
2024-12-11 11:55:18,033 - basicLogger - INFO - Receiver is Healthy
2024-12-11 11:55:18,238 - basicLogger - INFO - Storage is Healthy
2024-12-11 11:55:18,546 - basicLogger - INFO - Processing returned non-200 response
2024-12-11 11:55:18,751 - basicLogger - INFO - Analyzer returned non-200 response
2024-12-11 11:55:18,752 - basicLogger - INFO - Service check completed and status.json updated
2024-12-11 11:55:22,859 - basicLogger - INFO - Periodic service check started...
2024-12-11 11:55:23,051 - basicLogger - INFO - Receiver is Healthy
2024-12-11 11:55:23,258 - basicLogger - INFO - Storage is Healthy
2024-12-11 11:55:23,563 - basicLogger - INFO - Processing returned non-200 response
2024-12-11 11:55:23,768 - basicLogger - INFO - Analyzer returned non-200 response
2024-12-11 11:55:23,769 - basicLogger - INFO - Service check completed and status.json updated
2024-12-11 11:55:27,859 - basicLogger - INFO - Periodic service check started...
2024-12-11 11:55:28,068 - basicLogger - INFO - Receiver is Healthy
2024-12-11 11:55:28,274 - basicLogger - INFO - Storage is Healthy
2024-12-11 11:55:28,581 - basicLogger - INFO - Processing returned non-200 response
2024-12-11 11:55:28,887 - basicLogger - INFO - Analyzer returned non-200 response
2024-12-11 11:55:28,888 - basicLogger - INFO - Service check completed and status.json updated
2024-12-11 11:55:32,859 - basicLogger - INFO - Periodic service check started...
2024-12-11 11:55:33,086 - basicLogger - INFO - Receiver is Healthy
2024-12-11 11:55:33,291 - basicLogger - INFO - Storage is Healthy
2024-12-11 11:55:33,598 - basicLogger - INFO - Processing returned non-200 response
2024-12-11 11:55:33,803 - basicLogger - INFO - Analyzer returned non-200 response
2024-12-11 11:55:33,804 - basicLogger - INFO - Service check completed and status.json updated
2024-12-11 11:55:37,859 - basicLogger - INFO - Periodic service check started...
2024-12-11 11:55:38,113 - basicLogger - INFO - Receiver is Healthy
2024-12-11 11:55:38,621 - basicLogger - INFO - Storage is Healthy
2024-12-11 11:55:38,924 - basicLogger - INFO - Processing returned non-200 response
2024-12-11 11:55:39,129 - basicLogger - INFO - Analyzer returned non-200 response
2024-12-11 11:55:39,130 - basicLogger - INFO - Service check completed and status.json updated
2024-12-11 11:55:42,859 - basicLogger - INFO - Periodic service check started...
2024-12-11 11:55:43,020 - basicLogger - INFO - Receiver is Healthy
2024-12-11 11:55:43,225 - basicLogger - INFO - Storage is Healthy
2024-12-11 11:55:43,533 - basicLogger - INFO - Processing returned non-200 response
2024-12-11 11:55:43,738 - basicLogger - INFO - Analyzer returned non-200 response
2024-12-11 11:55:43,739 - basicLogger - INFO - Service check completed and status.json updated
2024-12-11 11:55:47,859 - basicLogger - INFO - Periodic service check started...
2024-12-11 11:55:48,037 - basicLogger - INFO - Receiver is Healthy
2024-12-11 11:55:48,242 - basicLogger - INFO - Storage is Healthy
2024-12-11 11:55:48,549 - basicLogger - INFO - Processing returned non-200 response
2024-12-11 11:55:48,755 - basicLogger - INFO - Analyzer returned non-200 response
2024-12-11 11:55:48,756 - basicLogger - INFO - Service check completed and status.json updated
2024-12-11 11:55:52,859 - basicLogger - INFO - Periodic service check started...
2024-12-11 11:55:53,054 - basicLogger - INFO - Receiver is Healthy
2024-12-11 11:55:53,260 - basicLogger - INFO - Storage is Healthy
2024-12-11 11:55:53,650 - basicLogger - INFO - Processing returned non-200 response
2024-12-11 11:55:53,772 - basicLogger - INFO - Analyzer returned non-200 response
2024-12-11 11:55:53,773 - basicLogger - INFO - Service check completed and status.json updated
2024-12-11 11:55:57,859 - basicLogger - INFO - Periodic service check started...
2024-12-11 11:55:58,074 - basicLogger - INFO - Receiver is Healthy
2024-12-11 11:55:58,279 - basicLogger - INFO - Storage is Healthy
2024-12-11 11:55:58,687 - basicLogger - INFO - Processing returned non-200 response
2024-12-11 11:55:58,894 - basicLogger - INFO - Analyzer returned non-200 response
2024-12-11 11:55:58,895 - basicLogger - INFO - Service check completed and status.json updated
2024-12-11 11:56:02,859 - basicLogger - INFO - Periodic service check started...
2024-12-11 11:56:02,934 - basicLogger - INFO - Receiver is Healthy
2024-12-11 11:56:03,124 - basicLogger - INFO - Storage is Healthy
2024-12-11 11:56:03,234 - basicLogger - INFO - Processing returned non-200 response
2024-12-11 11:56:03,439 - basicLogger - INFO - Analyzer returned non-200 response
2024-12-11 11:56:03,440 - basicLogger - INFO - Service check completed and status.json updated
2024-12-11 11:56:07,859 - basicLogger - INFO - Periodic service check started...
2024-12-11 11:56:07,930 - basicLogger - INFO - Receiver is Healthy
2024-12-11 11:56:08,009 - basicLogger - INFO - Storage is Healthy
2024-12-11 11:56:08,109 - basicLogger - INFO - Processing returned non-200 response
2024-12-11 11:56:08,209 - basicLogger - INFO - Analyzer returned non-200 response
2024-12-11 11:56:08,210 - basicLogger - INFO - Service check completed and status.json updated
2024-12-11 11:56:12,859 - basicLogger - INFO - Periodic service check started...
2024-12-11 11:56:12,932 - basicLogger - INFO - Receiver is Healthy
2024-12-11 11:56:13,008 - basicLogger - INFO - Storage is Healthy
2024-12-11 11:56:13,227 - basicLogger - INFO - Processing returned non-200 response
2024-12-11 11:56:13,433 - basicLogger - INFO - Analyzer returned non-200 response
2024-12-11 11:56:13,434 - basicLogger - INFO - Service check completed and status.json updated
2024-12-11 11:56:17,859 - basicLogger - INFO - Periodic service check started...
2024-12-11 11:56:18,041 - basicLogger - INFO - Receiver is Healthy
2024-12-11 11:56:18,196 - basicLogger - INFO - Storage is Healthy
2024-12-11 11:56:18,460 - basicLogger - INFO - Processing returned non-200 response
2024-12-11 11:56:18,757 - basicLogger - INFO - Analyzer returned non-200 response
2024-12-11 11:56:18,758 - basicLogger - INFO - Service check completed and status.json updated
2024-12-11 11:56:22,859 - basicLogger - INFO - Periodic service check started...
2024-12-11 11:56:23,057 - basicLogger - INFO - Receiver is Healthy
2024-12-11 11:56:23,262 - basicLogger - INFO - Storage is Healthy
2024-12-11 11:56:23,569 - basicLogger - INFO - Processing returned non-200 response
2024-12-11 11:56:23,879 - basicLogger - INFO - Analyzer returned non-200 response
2024-12-11 11:56:23,880 - basicLogger - INFO - Service check completed and status.json updated
2024-12-11 12:01:47,754 - basicLogger - INFO - Periodic service check started...
2024-12-11 12:01:47,868 - basicLogger - INFO - Receiver is Healthy
2024-12-11 12:01:47,948 - basicLogger - INFO - Storage is Healthy
2024-12-11 12:01:48,054 - basicLogger - INFO - Processing returned non-200 response
2024-12-11 12:01:48,157 - basicLogger - INFO - Analyzer returned non-200 response
2024-12-11 12:01:48,158 - basicLogger - INFO - Service check completed and status.json updated
2024-12-11 12:01:49,427 - basicLogger - INFO - Periodic service check started...
2024-12-11 12:01:49,505 - basicLogger - INFO - Receiver is Healthy
2024-12-11 12:01:49,581 - basicLogger - INFO - Storage is Healthy
2024-12-11 12:01:49,678 - basicLogger - INFO - Processing returned non-200 response
2024-12-11 12:01:49,778 - basicLogger - INFO - Analyzer returned non-200 response
2024-12-11 12:01:49,779 - basicLogger - INFO - Service check completed and status.json updated
2024-12-11 12:01:52,754 - basicLogger - INFO - Periodic service check started...
2024-12-11 12:01:52,830 - basicLogger - INFO - Receiver is Healthy
2024-12-11 12:01:52,906 - basicLogger - INFO - Storage is Healthy
2024-12-11 12:01:52,997 - basicLogger - INFO - Processing returned non-200 response
2024-12-11 12:01:53,097 - basicLogger - INFO - Analyzer returned non-200 response
2024-12-11 12:01:53,098 - basicLogger - INFO - Service check completed and status.json updated
2024-12-11 12:01:57,754 - basicLogger - INFO - Periodic service check started...
2024-12-11 12:01:57,825 - basicLogger - INFO - Receiver is Healthy
2024-12-11 12:01:57,906 - basicLogger - INFO - Storage is Healthy
2024-12-11 12:01:58,001 - basicLogger - INFO - Processing returned non-200 response
2024-12-11 12:01:58,133 - basicLogger - INFO - Analyzer returned non-200 response
2024-12-11 12:01:58,134 - basicLogger - INFO - Service check completed and status.json updated
2024-12-11 12:02:02,754 - basicLogger - INFO - Periodic service check started...
2024-12-11 12:02:02,835 - basicLogger - INFO - Receiver is Healthy
2024-12-11 12:02:03,008 - basicLogger - INFO - Storage is Healthy
2024-12-11 12:02:03,315 - basicLogger - INFO - Processing returned non-200 response
2024-12-11 12:02:03,520 - basicLogger - INFO - Analyzer returned non-200 response
2024-12-11 12:02:03,521 - basicLogger - INFO - Service check completed and status.json updated
2024-12-11 12:02:07,754 - basicLogger - INFO - Periodic service check started...
2024-12-11 12:02:07,922 - basicLogger - INFO - Receiver is Healthy
2024-12-11 12:02:08,128 - basicLogger - INFO - Storage is Healthy
2024-12-11 12:02:08,537 - basicLogger - INFO - Processing returned non-200 response
2024-12-11 12:02:08,758 - basicLogger - INFO - Analyzer returned non-200 response
2024-12-11 12:02:08,760 - basicLogger - INFO - Service check completed and status.json updated
2024-12-11 12:02:12,754 - basicLogger - INFO - Periodic service check started...
2024-12-11 12:02:13,008 - basicLogger - INFO - Receiver is Healthy
2024-12-11 12:02:13,247 - basicLogger - INFO - Storage is Healthy
2024-12-11 12:02:13,553 - basicLogger - INFO - Processing returned non-200 response
2024-12-11 12:02:13,765 - basicLogger - INFO - Analyzer returned non-200 response
2024-12-11 12:02:13,766 - basicLogger - INFO - Service check completed and status.json updated
2024-12-11 12:02:17,753 - basicLogger - INFO - Periodic service check started...
2024-12-11 12:02:17,957 - basicLogger - INFO - Receiver is Healthy
2024-12-11 12:02:18,162 - basicLogger - INFO - Storage is Healthy
2024-12-11 12:02:18,469 - basicLogger - INFO - Processing returned non-200 response
2024-12-11 12:02:18,674 - basicLogger - INFO - Analyzer returned non-200 response
2024-12-11 12:02:18,674 - basicLogger - INFO - Service check completed and status.json updated
2024-12-11 12:02:22,754 - basicLogger - INFO - Periodic service check started...
2024-12-11 12:02:22,973 - basicLogger - INFO - Receiver is Healthy
2024-12-11 12:02:23,078 - basicLogger - INFO - Storage is Healthy
2024-12-11 12:02:23,487 - basicLogger - INFO - Processing returned non-200 response
2024-12-11 12:02:23,697 - basicLogger - INFO - Analyzer returned non-200 response
2024-12-11 12:02:23,698 - basicLogger - INFO - Service check completed and status.json updated
2024-12-11 12:02:27,754 - basicLogger - INFO - Periodic service check started...
2024-12-11 12:02:27,994 - basicLogger - INFO - Receiver is Healthy
2024-12-11 12:02:28,197 - basicLogger - INFO - Storage is Healthy
2024-12-11 12:02:28,504 - basicLogger - INFO - Processing returned non-200 response
2024-12-11 12:02:28,724 - basicLogger - INFO - Analyzer returned non-200 response
2024-12-11 12:02:28,725 - basicLogger - INFO - Service check completed and status.json updated
2024-12-11 12:02:32,754 - basicLogger - INFO - Periodic service check started...
2024-12-11 12:02:32,906 - basicLogger - INFO - Receiver is Healthy
2024-12-11 12:02:33,112 - basicLogger - INFO - Storage is Healthy
2024-12-11 12:02:33,420 - basicLogger - INFO - Processing returned non-200 response
2024-12-11 12:02:33,624 - basicLogger - INFO - Analyzer returned non-200 response
2024-12-11 12:02:33,625 - basicLogger - INFO - Service check completed and status.json updated
2024-12-11 12:02:37,755 - basicLogger - INFO - Periodic service check started...
2024-12-11 12:02:37,924 - basicLogger - INFO - Receiver is Healthy
2024-12-11 12:02:38,129 - basicLogger - INFO - Storage is Healthy
2024-12-11 12:02:38,436 - basicLogger - INFO - Processing returned non-200 response
2024-12-11 12:02:38,641 - basicLogger - INFO - Analyzer returned non-200 response
2024-12-11 12:02:38,642 - basicLogger - INFO - Service check completed and status.json updated
2024-12-11 12:02:42,754 - basicLogger - INFO - Periodic service check started...
2024-12-11 12:02:42,941 - basicLogger - INFO - Receiver is Healthy
2024-12-11 12:02:43,148 - basicLogger - INFO - Storage is Healthy
2024-12-11 12:02:43,453 - basicLogger - INFO - Processing returned non-200 response
2024-12-11 12:02:43,659 - basicLogger - INFO - Analyzer returned non-200 response
2024-12-11 12:02:43,660 - basicLogger - INFO - Service check completed and status.json updated
2024-12-11 12:02:47,754 - basicLogger - INFO - Periodic service check started...
2024-12-11 12:02:47,958 - basicLogger - INFO - Receiver is Healthy
2024-12-11 12:02:48,164 - basicLogger - INFO - Storage is Healthy
2024-12-11 12:02:48,574 - basicLogger - INFO - Processing returned non-200 response
2024-12-11 12:02:48,783 - basicLogger - INFO - Analyzer returned non-200 response
2024-12-11 12:02:48,784 - basicLogger - INFO - Service check completed and status.json updated
2024-12-11 12:02:52,754 - basicLogger - INFO - Periodic service check started...
2024-12-11 12:02:52,976 - basicLogger - INFO - Receiver is Healthy
2024-12-11 12:02:53,182 - basicLogger - INFO - Storage is Healthy
2024-12-11 12:02:53,491 - basicLogger - INFO - Processing returned non-200 response
2024-12-11 12:02:53,693 - basicLogger - INFO - Analyzer returned non-200 response
2024-12-11 12:02:53,694 - basicLogger - INFO - Service check completed and status.json updated
2024-12-11 12:02:57,754 - basicLogger - INFO - Periodic service check started...
2024-12-11 12:02:57,832 - basicLogger - INFO - Receiver is Healthy
2024-12-11 12:02:57,916 - basicLogger - INFO - Storage is Healthy
2024-12-11 12:02:58,023 - basicLogger - INFO - Processing returned non-200 response
2024-12-11 12:02:58,122 - basicLogger - INFO - Analyzer returned non-200 response
2024-12-11 12:02:58,123 - basicLogger - INFO - Service check completed and status.json updated
2024-12-11 12:03:02,754 - basicLogger - INFO - Periodic service check started...
2024-12-11 12:03:02,908 - basicLogger - INFO - Receiver is Healthy
2024-12-11 12:03:03,011 - basicLogger - INFO - Storage is Healthy
2024-12-11 12:03:03,319 - basicLogger - INFO - Processing returned non-200 response
2024-12-11 12:03:03,524 - basicLogger - INFO - Analyzer returned non-200 response
2024-12-11 12:03:03,525 - basicLogger - INFO - Service check completed and status.json updated
2024-12-11 12:03:07,754 - basicLogger - INFO - Periodic service check started...
2024-12-11 12:03:07,928 - basicLogger - INFO - Receiver is Healthy
2024-12-11 12:03:08,131 - basicLogger - INFO - Storage is Healthy
2024-12-11 12:03:08,437 - basicLogger - INFO - Processing returned non-200 response
2024-12-11 12:03:08,644 - basicLogger - INFO - Analyzer returned non-200 response
2024-12-11 12:03:08,645 - basicLogger - INFO - Service check completed and status.json updated
2024-12-11 12:03:12,754 - basicLogger - INFO - Periodic service check started...
2024-12-11 12:03:12,945 - basicLogger - INFO - Receiver is Healthy
2024-12-11 12:03:13,079 - basicLogger - INFO - Storage is Healthy
2024-12-11 12:03:13,185 - basicLogger - INFO - Processing returned non-200 response
2024-12-11 12:03:13,285 - basicLogger - INFO - Analyzer returned non-200 response
2024-12-11 12:03:13,291 - basicLogger - INFO - Service check completed and status.json updated
2024-12-11 12:03:17,754 - basicLogger - INFO - Periodic service check started...
2024-12-11 12:03:17,827 - basicLogger - INFO - Receiver is Healthy
2024-12-11 12:03:17,903 - basicLogger - INFO - Storage is Healthy
2024-12-11 12:03:18,000 - basicLogger - INFO - Processing returned non-200 response
2024-12-11 12:03:18,099 - basicLogger - INFO - Analyzer returned non-200 response
2024-12-11 12:03:18,100 - basicLogger - INFO - Service check completed and status.json updated
2024-12-11 12:03:27,803 - basicLogger - INFO - Periodic service check started...
2024-12-11 12:03:27,915 - basicLogger - INFO - Receiver is Healthy
2024-12-11 12:03:27,992 - basicLogger - INFO - Storage is Healthy
2024-12-11 12:03:28,093 - basicLogger - INFO - Processing returned non-200 response
2024-12-11 12:03:28,193 - basicLogger - INFO - Analyzer returned non-200 response
2024-12-11 12:03:28,195 - basicLogger - INFO - Service check completed and status.json updated
2024-12-11 12:03:28,910 - basicLogger - INFO - Periodic service check started...
2024-12-11 12:03:28,983 - basicLogger - INFO - Receiver is Healthy
2024-12-11 12:03:29,061 - basicLogger - INFO - Storage is Healthy
2024-12-11 12:03:29,152 - basicLogger - INFO - Processing returned non-200 response
2024-12-11 12:03:29,248 - basicLogger - INFO - Analyzer returned non-200 response
2024-12-11 12:03:29,250 - basicLogger - INFO - Service check completed and status.json updated
2024-12-11 12:03:33,911 - basicLogger - INFO - Periodic service check started...
2024-12-11 12:03:34,140 - basicLogger - INFO - Receiver is Healthy
2024-12-11 12:03:34,345 - basicLogger - INFO - Storage is Healthy
2024-12-11 12:03:34,651 - basicLogger - INFO - Processing returned non-200 response
2024-12-11 12:03:34,856 - basicLogger - INFO - Analyzer returned non-200 response
2024-12-11 12:03:34,857 - basicLogger - INFO - Service check completed and status.json updated
2024-12-11 12:03:38,911 - basicLogger - INFO - Periodic service check started...
2024-12-11 12:03:39,259 - basicLogger - INFO - Receiver is Healthy
2024-12-11 12:03:39,465 - basicLogger - INFO - Storage is Healthy
2024-12-11 12:03:39,780 - basicLogger - INFO - Processing returned non-200 response
2024-12-11 12:03:40,080 - basicLogger - INFO - Analyzer returned non-200 response
2024-12-11 12:03:40,081 - basicLogger - INFO - Service check completed and status.json updated
2024-12-11 12:03:43,910 - basicLogger - INFO - Periodic service check started...
2024-12-11 12:03:44,072 - basicLogger - INFO - Receiver is Healthy
2024-12-11 12:03:44,409 - basicLogger - INFO - Storage is Healthy
2024-12-11 12:03:44,688 - basicLogger - INFO - Processing returned non-200 response
2024-12-11 12:03:44,892 - basicLogger - INFO - Analyzer returned non-200 response
2024-12-11 12:03:44,893 - basicLogger - INFO - Service check completed and status.json updated
2024-12-11 12:03:48,910 - basicLogger - INFO - Periodic service check started...
2024-12-11 12:03:49,089 - basicLogger - INFO - Receiver is Healthy
2024-12-11 12:03:49,397 - basicLogger - INFO - Storage is Healthy
2024-12-11 12:03:49,704 - basicLogger - INFO - Processing returned non-200 response
2024-12-11 12:03:49,910 - basicLogger - INFO - Analyzer returned non-200 response
2024-12-11 12:03:49,912 - basicLogger - INFO - Service check completed and status.json updated
2024-12-11 12:03:53,910 - basicLogger - INFO - Periodic service check started...
2024-12-11 12:03:54,312 - basicLogger - INFO - Receiver is Healthy
2024-12-11 12:03:54,620 - basicLogger - INFO - Storage is Healthy
2024-12-11 12:03:54,927 - basicLogger - INFO - Processing returned non-200 response
2024-12-11 12:03:55,234 - basicLogger - INFO - Analyzer returned non-200 response
2024-12-11 12:03:55,235 - basicLogger - INFO - Service check completed and status.json updated
2024-12-11 12:03:58,911 - basicLogger - INFO - Periodic service check started...
2024-12-11 12:03:59,125 - basicLogger - INFO - Receiver is Healthy
2024-12-11 12:03:59,379 - basicLogger - INFO - Storage is Healthy
2024-12-11 12:03:59,637 - basicLogger - INFO - Processing returned non-200 response
2024-12-11 12:03:59,739 - basicLogger - INFO - Analyzer returned non-200 response
2024-12-11 12:03:59,740 - basicLogger - INFO - Service check completed and status.json updated
2024-12-11 12:04:08,244 - basicLogger - INFO - Periodic service check started...
2024-12-11 12:04:08,547 - basicLogger - INFO - Receiver is Healthy
2024-12-11 12:04:08,749 - basicLogger - INFO - Storage is Healthy
2024-12-11 12:04:09,056 - basicLogger - INFO - Processing returned non-200 response
2024-12-11 12:04:09,262 - basicLogger - INFO - Analyzer returned non-200 response
2024-12-11 12:04:09,263 - basicLogger - INFO - Service check completed and status.json updated
2024-12-11 12:04:09,777 - basicLogger - INFO - Periodic service check started...
2024-12-11 12:04:09,920 - basicLogger - INFO - Receiver is Healthy
2024-12-11 12:04:10,081 - basicLogger - INFO - Storage is Healthy
2024-12-11 12:04:10,388 - basicLogger - INFO - Processing returned non-200 response
2024-12-11 12:04:10,593 - basicLogger - INFO - Analyzer returned non-200 response
2024-12-11 12:04:10,594 - basicLogger - INFO - Service check completed and status.json updated
2024-12-11 12:04:14,776 - basicLogger - INFO - Periodic service check started...
2024-12-11 12:04:14,996 - basicLogger - INFO - Receiver is Healthy
2024-12-11 12:04:15,201 - basicLogger - INFO - Storage is Healthy
2024-12-11 12:04:15,610 - basicLogger - INFO - Processing returned non-200 response
2024-12-11 12:04:15,926 - basicLogger - INFO - Analyzer returned non-200 response
2024-12-11 12:04:15,927 - basicLogger - INFO - Service check completed and status.json updated
2024-12-11 12:04:19,776 - basicLogger - INFO - Periodic service check started...
2024-12-11 12:04:20,014 - basicLogger - INFO - Receiver is Healthy
2024-12-11 12:04:20,222 - basicLogger - INFO - Storage is Healthy
2024-12-11 12:04:20,525 - basicLogger - INFO - Processing returned non-200 response
2024-12-11 12:04:20,731 - basicLogger - INFO - Analyzer returned non-200 response
2024-12-11 12:04:20,732 - basicLogger - INFO - Service check completed and status.json updated
2024-12-11 12:04:24,776 - basicLogger - INFO - Periodic service check started...
2024-12-11 12:04:25,031 - basicLogger - INFO - Receiver is Healthy
2024-12-11 12:04:25,235 - basicLogger - INFO - Storage is Healthy
2024-12-11 12:04:25,543 - basicLogger - INFO - Processing returned non-200 response
2024-12-11 12:04:25,748 - basicLogger - INFO - Analyzer returned non-200 response
2024-12-11 12:04:25,749 - basicLogger - INFO - Service check completed and status.json updated
2024-12-11 12:04:29,776 - basicLogger - INFO - Periodic service check started...
2024-12-11 12:04:29,946 - basicLogger - INFO - Receiver is Healthy
2024-12-11 12:04:30,151 - basicLogger - INFO - Storage is Healthy
2024-12-11 12:04:30,458 - basicLogger - INFO - Processing returned non-200 response
2024-12-11 12:04:30,665 - basicLogger - INFO - Analyzer returned non-200 response
2024-12-11 12:04:30,666 - basicLogger - INFO - Service check completed and status.json updated
2024-12-11 12:04:34,776 - basicLogger - INFO - Periodic service check started...
2024-12-11 12:04:34,866 - basicLogger - INFO - Receiver is Healthy
2024-12-11 12:04:35,066 - basicLogger - INFO - Storage is Healthy
2024-12-11 12:04:35,373 - basicLogger - INFO - Processing returned non-200 response
2024-12-11 12:04:35,580 - basicLogger - INFO - Analyzer returned non-200 response
2024-12-11 12:04:35,581 - basicLogger - INFO - Service check completed and status.json updated
2024-12-11 12:04:39,776 - basicLogger - INFO - Periodic service check started...
2024-12-11 12:04:39,980 - basicLogger - INFO - Receiver is Healthy
2024-12-11 12:04:40,186 - basicLogger - INFO - Storage is Healthy
2024-12-11 12:04:40,390 - basicLogger - INFO - Processing returned non-200 response
2024-12-11 12:04:40,595 - basicLogger - INFO - Analyzer returned non-200 response
2024-12-11 12:04:40,596 - basicLogger - INFO - Service check completed and status.json updated
2024-12-11 12:04:44,776 - basicLogger - INFO - Periodic service check started...
2024-12-11 12:04:44,997 - basicLogger - INFO - Receiver is Healthy
2024-12-11 12:04:45,203 - basicLogger - INFO - Storage is Healthy
2024-12-11 12:04:45,510 - basicLogger - INFO - Processing returned non-200 response
2024-12-11 12:04:45,716 - basicLogger - INFO - Analyzer returned non-200 response
2024-12-11 12:04:45,717 - basicLogger - INFO - Service check completed and status.json updated
2024-12-11 12:04:49,775 - basicLogger - INFO - Periodic service check started...
2024-12-11 12:04:50,015 - basicLogger - INFO - Receiver is Healthy
2024-12-11 12:04:50,323 - basicLogger - INFO - Storage is Healthy
2024-12-11 12:04:50,630 - basicLogger - INFO - Processing returned non-200 response
2024-12-11 12:04:50,738 - basicLogger - INFO - Analyzer returned non-200 response
2024-12-11 12:04:50,739 - basicLogger - INFO - Service check completed and status.json updated
2024-12-11 12:04:54,775 - basicLogger - INFO - Periodic service check started...
2024-12-11 12:04:54,934 - basicLogger - INFO - Receiver is Healthy
2024-12-11 12:04:55,136 - basicLogger - INFO - Storage is Healthy
2024-12-11 12:04:55,443 - basicLogger - INFO - Processing returned non-200 response
2024-12-11 12:04:55,648 - basicLogger - INFO - Analyzer returned non-200 response
2024-12-11 12:04:55,649 - basicLogger - INFO - Service check completed and status.json updated
2024-12-11 12:04:59,776 - basicLogger - INFO - Periodic service check started...
2024-12-11 12:04:59,947 - basicLogger - INFO - Receiver is Healthy
2024-12-11 12:05:00,153 - basicLogger - INFO - Storage is Healthy
2024-12-11 12:05:00,461 - basicLogger - INFO - Processing returned non-200 response
2024-12-11 12:05:00,664 - basicLogger - INFO - Analyzer returned non-200 response
2024-12-11 12:05:00,665 - basicLogger - INFO - Service check completed and status.json updated
2024-12-11 12:05:04,776 - basicLogger - INFO - Periodic service check started...
2024-12-11 12:05:05,068 - basicLogger - INFO - Receiver is Healthy
2024-12-11 12:05:05,274 - basicLogger - INFO - Storage is Healthy
2024-12-11 12:05:05,581 - basicLogger - INFO - Processing returned non-200 response
2024-12-11 12:05:05,785 - basicLogger - INFO - Analyzer returned non-200 response
2024-12-11 12:05:05,786 - basicLogger - INFO - Service check completed and status.json updated
2024-12-11 12:05:09,776 - basicLogger - INFO - Periodic service check started...
2024-12-11 12:05:09,983 - basicLogger - INFO - Receiver is Healthy
2024-12-11 12:05:10,190 - basicLogger - INFO - Storage is Healthy
2024-12-11 12:05:10,496 - basicLogger - INFO - Processing returned non-200 response
2024-12-11 12:05:10,700 - basicLogger - INFO - Analyzer returned non-200 response
2024-12-11 12:05:10,701 - basicLogger - INFO - Service check completed and status.json updated
2024-12-11 12:05:14,776 - basicLogger - INFO - Periodic service check started...
2024-12-11 12:05:15,016 - basicLogger - INFO - Receiver is Healthy
2024-12-11 12:05:15,094 - basicLogger - INFO - Storage is Healthy
2024-12-11 12:05:15,193 - basicLogger - INFO - Processing returned non-200 response
2024-12-11 12:05:15,442 - basicLogger - INFO - Analyzer returned non-200 response
2024-12-11 12:05:15,443 - basicLogger - INFO - Service check completed and status.json updated
2024-12-11 12:05:19,776 - basicLogger - INFO - Periodic service check started...
2024-12-11 12:05:19,889 - basicLogger - INFO - Receiver is Healthy
2024-12-11 12:05:19,967 - basicLogger - INFO - Storage is Healthy
2024-12-11 12:05:20,221 - basicLogger - INFO - Processing returned non-200 response
2024-12-11 12:05:20,353 - basicLogger - INFO - Analyzer returned non-200 response
2024-12-11 12:05:20,354 - basicLogger - INFO - Service check completed and status.json updated
2024-12-11 12:05:24,775 - basicLogger - INFO - Periodic service check started...
2024-12-11 12:05:24,933 - basicLogger - INFO - Receiver is Healthy
2024-12-11 12:05:25,138 - basicLogger - INFO - Storage is Healthy
2024-12-11 12:05:25,445 - basicLogger - INFO - Processing returned non-200 response
2024-12-11 12:05:25,650 - basicLogger - INFO - Analyzer returned non-200 response
2024-12-11 12:05:25,651 - basicLogger - INFO - Service check completed and status.json updated
2024-12-11 12:05:29,775 - basicLogger - INFO - Periodic service check started...
2024-12-11 12:05:29,950 - basicLogger - INFO - Receiver is Healthy
2024-12-11 12:05:30,155 - basicLogger - INFO - Storage is Healthy
2024-12-11 12:05:30,462 - basicLogger - INFO - Processing returned non-200 response
2024-12-11 12:05:30,671 - basicLogger - INFO - Analyzer returned non-200 response
2024-12-11 12:05:30,672 - basicLogger - INFO - Service check completed and status.json updated
2024-12-11 12:05:34,776 - basicLogger - INFO - Periodic service check started...
2024-12-11 12:05:35,174 - basicLogger - INFO - Receiver is Healthy
2024-12-11 12:05:35,378 - basicLogger - INFO - Storage is Healthy
2024-12-11 12:05:35,685 - basicLogger - INFO - Processing returned non-200 response
2024-12-11 12:05:35,894 - basicLogger - INFO - Analyzer returned non-200 response
2024-12-11 12:05:35,895 - basicLogger - INFO - Service check completed and status.json updated
2024-12-11 12:05:39,775 - basicLogger - INFO - Periodic service check started...
2024-12-11 12:05:40,087 - basicLogger - INFO - Receiver is Healthy
2024-12-11 12:05:40,292 - basicLogger - INFO - Storage is Healthy
2024-12-11 12:05:40,599 - basicLogger - INFO - Processing returned non-200 response
2024-12-11 12:05:40,805 - basicLogger - INFO - Analyzer returned non-200 response
2024-12-11 12:05:40,806 - basicLogger - INFO - Service check completed and status.json updated
2024-12-11 12:05:44,776 - basicLogger - INFO - Periodic service check started...
2024-12-11 12:05:45,003 - basicLogger - INFO - Receiver is Healthy
2024-12-11 12:05:45,317 - basicLogger - INFO - Storage is Healthy
2024-12-11 12:05:45,619 - basicLogger - INFO - Processing returned non-200 response
2024-12-11 12:05:45,759 - basicLogger - INFO - Analyzer returned non-200 response
2024-12-11 12:05:45,762 - basicLogger - INFO - Service check completed and status.json updated
2024-12-11 12:05:49,776 - basicLogger - INFO - Periodic service check started...
2024-12-11 12:05:49,860 - basicLogger - INFO - Receiver is Healthy
2024-12-11 12:05:49,948 - basicLogger - INFO - Storage is Healthy
2024-12-11 12:05:50,056 - basicLogger - INFO - Processing returned non-200 response
2024-12-11 12:05:50,329 - basicLogger - INFO - Analyzer returned non-200 response
2024-12-11 12:05:50,330 - basicLogger - INFO - Service check completed and status.json updated
2024-12-11 12:05:54,776 - basicLogger - INFO - Periodic service check started...
2024-12-11 12:05:55,140 - basicLogger - INFO - Receiver is Healthy
2024-12-11 12:05:55,345 - basicLogger - INFO - Storage is Healthy
2024-12-11 12:05:55,754 - basicLogger - INFO - Processing returned non-200 response
2024-12-11 12:05:56,062 - basicLogger - INFO - Analyzer returned non-200 response
2024-12-11 12:05:56,063 - basicLogger - INFO - Service check completed and status.json updated
2024-12-11 12:05:59,776 - basicLogger - INFO - Periodic service check started...
2024-12-11 12:06:00,054 - basicLogger - INFO - Receiver is Healthy
2024-12-11 12:06:00,158 - basicLogger - INFO - Storage is Healthy
2024-12-11 12:06:00,466 - basicLogger - INFO - Processing returned non-200 response
2024-12-11 12:06:00,670 - basicLogger - INFO - Analyzer returned non-200 response
2024-12-11 12:06:00,671 - basicLogger - INFO - Service check completed and status.json updated
2024-12-11 12:06:09,071 - basicLogger - INFO - Periodic service check started...
2024-12-11 12:06:09,271 - basicLogger - INFO - Receiver is Healthy
2024-12-11 12:06:09,481 - basicLogger - INFO - Storage is Healthy
2024-12-11 12:06:09,486 - basicLogger - INFO - Periodic service check started...
2024-12-11 12:06:09,680 - basicLogger - INFO - Receiver is Healthy
2024-12-11 12:06:09,735 - basicLogger - INFO - Processing returned non-200 response
2024-12-11 12:06:09,782 - basicLogger - INFO - Storage is Healthy
2024-12-11 12:06:10,094 - basicLogger - INFO - Analyzer returned non-200 response
2024-12-11 12:06:10,095 - basicLogger - INFO - Service check completed and status.json updated
2024-12-11 12:06:10,096 - basicLogger - INFO - Request received to get service status...
2024-12-11 12:06:10,125 - basicLogger - INFO - Processing returned non-200 response
2024-12-11 12:06:10,357 - basicLogger - INFO - Analyzer returned non-200 response
2024-12-11 12:06:10,358 - basicLogger - INFO - Service check completed and status.json updated
2024-12-11 12:06:10,359 - basicLogger - INFO - Request received to get service status...
2024-12-11 12:06:14,484 - basicLogger - INFO - Periodic service check started...
2024-12-11 12:06:14,698 - basicLogger - INFO - Receiver is Healthy
2024-12-11 12:06:14,906 - basicLogger - INFO - Storage is Healthy
2024-12-11 12:06:15,183 - basicLogger - INFO - Processing returned non-200 response
2024-12-11 12:06:15,279 - basicLogger - INFO - Analyzer returned non-200 response
2024-12-11 12:06:15,280 - basicLogger - INFO - Service check completed and status.json updated
2024-12-11 12:06:15,280 - basicLogger - INFO - Request received to get service status...
2024-12-11 12:06:19,484 - basicLogger - INFO - Periodic service check started...
2024-12-11 12:06:19,614 - basicLogger - INFO - Receiver is Healthy
2024-12-11 12:06:19,926 - basicLogger - INFO - Storage is Healthy
2024-12-11 12:06:20,331 - basicLogger - INFO - Processing returned non-200 response
2024-12-11 12:06:20,637 - basicLogger - INFO - Analyzer returned non-200 response
2024-12-11 12:06:20,638 - basicLogger - INFO - Service check completed and status.json updated
2024-12-11 12:06:20,638 - basicLogger - INFO - Request received to get service status...
2024-12-11 12:06:24,483 - basicLogger - INFO - Periodic service check started...
2024-12-11 12:06:24,737 - basicLogger - INFO - Receiver is Healthy
2024-12-11 12:06:25,220 - basicLogger - INFO - Storage is Healthy
2024-12-11 12:06:25,449 - basicLogger - INFO - Processing returned non-200 response
2024-12-11 12:06:25,654 - basicLogger - INFO - Analyzer returned non-200 response
2024-12-11 12:06:25,655 - basicLogger - INFO - Service check completed and status.json updated
2024-12-11 12:06:25,655 - basicLogger - INFO - Request received to get service status...
2024-12-11 12:06:29,483 - basicLogger - INFO - Periodic service check started...
2024-12-11 12:06:29,648 - basicLogger - INFO - Receiver is Healthy
2024-12-11 12:06:29,788 - basicLogger - INFO - Storage is Healthy
2024-12-11 12:06:30,262 - basicLogger - INFO - Processing returned non-200 response
2024-12-11 12:06:30,466 - basicLogger - INFO - Analyzer returned non-200 response
2024-12-11 12:06:30,467 - basicLogger - INFO - Service check completed and status.json updated
2024-12-11 12:06:30,468 - basicLogger - INFO - Request received to get service status...
2024-12-11 12:06:34,484 - basicLogger - INFO - Periodic service check started...
2024-12-11 12:06:34,633 - basicLogger - INFO - Receiver is Healthy
2024-12-11 12:06:34,871 - basicLogger - INFO - Storage is Healthy
2024-12-11 12:06:34,980 - basicLogger - INFO - Processing returned non-200 response
2024-12-11 12:06:35,115 - basicLogger - INFO - Analyzer returned non-200 response
2024-12-11 12:06:35,116 - basicLogger - INFO - Service check completed and status.json updated
2024-12-11 12:06:35,117 - basicLogger - INFO - Request received to get service status...
2024-12-11 12:06:39,484 - basicLogger - INFO - Periodic service check started...
2024-12-11 12:06:39,683 - basicLogger - INFO - Receiver is Healthy
2024-12-11 12:06:39,892 - basicLogger - INFO - Storage is Healthy
2024-12-11 12:06:40,092 - basicLogger - INFO - Processing returned non-200 response
2024-12-11 12:06:40,298 - basicLogger - INFO - Analyzer returned non-200 response
2024-12-11 12:06:40,299 - basicLogger - INFO - Service check completed and status.json updated
2024-12-11 12:06:40,299 - basicLogger - INFO - Request received to get service status...
2024-12-11 12:06:44,484 - basicLogger - INFO - Periodic service check started...
2024-12-11 12:06:44,700 - basicLogger - INFO - Receiver is Healthy
2024-12-11 12:06:44,918 - basicLogger - INFO - Storage is Healthy
2024-12-11 12:06:45,213 - basicLogger - INFO - Processing returned non-200 response
2024-12-11 12:06:45,417 - basicLogger - INFO - Analyzer returned non-200 response
2024-12-11 12:06:45,418 - basicLogger - INFO - Service check completed and status.json updated
2024-12-11 12:06:45,419 - basicLogger - INFO - Request received to get service status...
2024-12-11 12:06:49,483 - basicLogger - INFO - Periodic service check started...
2024-12-11 12:06:49,717 - basicLogger - INFO - Receiver is Healthy
2024-12-11 12:06:50,025 - basicLogger - INFO - Storage is Healthy
2024-12-11 12:06:50,332 - basicLogger - INFO - Processing returned non-200 response
2024-12-11 12:06:50,538 - basicLogger - INFO - Analyzer returned non-200 response
2024-12-11 12:06:50,539 - basicLogger - INFO - Service check completed and status.json updated
2024-12-11 12:06:50,539 - basicLogger - INFO - Request received to get service status...
2024-12-11 12:06:54,484 - basicLogger - INFO - Periodic service check started...
2024-12-11 12:06:54,633 - basicLogger - INFO - Receiver is Healthy
2024-12-11 12:06:54,838 - basicLogger - INFO - Storage is Healthy
2024-12-11 12:06:55,081 - basicLogger - INFO - Processing returned non-200 response
2024-12-11 12:06:55,452 - basicLogger - INFO - Analyzer returned non-200 response
2024-12-11 12:06:55,453 - basicLogger - INFO - Service check completed and status.json updated
2024-12-11 12:06:55,453 - basicLogger - INFO - Request received to get service status...
2024-12-11 12:06:59,484 - basicLogger - INFO - Periodic service check started...
2024-12-11 12:06:59,649 - basicLogger - INFO - Receiver is Healthy
2024-12-11 12:06:59,855 - basicLogger - INFO - Storage is Healthy
2024-12-11 12:07:00,162 - basicLogger - INFO - Processing returned non-200 response
2024-12-11 12:07:00,367 - basicLogger - INFO - Analyzer returned non-200 response
2024-12-11 12:07:00,368 - basicLogger - INFO - Service check completed and status.json updated
2024-12-11 12:07:00,369 - basicLogger - INFO - Request received to get service status...
2024-12-11 12:07:04,484 - basicLogger - INFO - Periodic service check started...
2024-12-11 12:07:04,668 - basicLogger - INFO - Receiver is Healthy
2024-12-11 12:07:04,873 - basicLogger - INFO - Storage is Healthy
2024-12-11 12:07:05,180 - basicLogger - INFO - Processing returned non-200 response
2024-12-11 12:07:05,385 - basicLogger - INFO - Analyzer returned non-200 response
2024-12-11 12:07:05,386 - basicLogger - INFO - Service check completed and status.json updated
2024-12-11 12:07:05,386 - basicLogger - INFO - Request received to get service status...
2024-12-11 12:07:09,484 - basicLogger - INFO - Periodic service check started...
2024-12-11 12:07:09,684 - basicLogger - INFO - Receiver is Healthy
2024-12-11 12:07:09,890 - basicLogger - INFO - Storage is Healthy
2024-12-11 12:07:10,198 - basicLogger - INFO - Processing returned non-200 response
2024-12-11 12:07:10,332 - basicLogger - INFO - Analyzer returned non-200 response
2024-12-11 12:07:10,333 - basicLogger - INFO - Service check completed and status.json updated
2024-12-11 12:07:10,334 - basicLogger - INFO - Request received to get service status...
2024-12-11 12:07:14,484 - basicLogger - INFO - Periodic service check started...
2024-12-11 12:07:14,702 - basicLogger - INFO - Receiver is Healthy
2024-12-11 12:07:14,918 - basicLogger - INFO - Storage is Healthy
2024-12-11 12:07:15,214 - basicLogger - INFO - Processing returned non-200 response
2024-12-11 12:07:15,419 - basicLogger - INFO - Analyzer returned non-200 response
2024-12-11 12:07:15,420 - basicLogger - INFO - Service check completed and status.json updated
2024-12-11 12:07:15,421 - basicLogger - INFO - Request received to get service status...
2024-12-11 12:07:19,484 - basicLogger - INFO - Periodic service check started...
2024-12-11 12:07:19,720 - basicLogger - INFO - Receiver is Healthy
2024-12-11 12:07:20,028 - basicLogger - INFO - Storage is Healthy
2024-12-11 12:07:20,334 - basicLogger - INFO - Processing returned non-200 response
2024-12-11 12:07:20,539 - basicLogger - INFO - Analyzer returned non-200 response
2024-12-11 12:07:20,540 - basicLogger - INFO - Service check completed and status.json updated
2024-12-11 12:07:20,540 - basicLogger - INFO - Request received to get service status...
2024-12-11 12:07:24,484 - basicLogger - INFO - Periodic service check started...
2024-12-11 12:07:24,737 - basicLogger - INFO - Receiver is Healthy
2024-12-11 12:07:25,045 - basicLogger - INFO - Storage is Healthy
2024-12-11 12:07:25,352 - basicLogger - INFO - Processing returned non-200 response
2024-12-11 12:07:25,556 - basicLogger - INFO - Analyzer returned non-200 response
2024-12-11 12:07:25,557 - basicLogger - INFO - Service check completed and status.json updated
2024-12-11 12:07:25,558 - basicLogger - INFO - Request received to get service status...
2024-12-11 12:07:29,484 - basicLogger - INFO - Periodic service check started...
2024-12-11 12:07:29,653 - basicLogger - INFO - Receiver is Healthy
2024-12-11 12:07:29,858 - basicLogger - INFO - Storage is Healthy
2024-12-11 12:07:30,165 - basicLogger - INFO - Processing returned non-200 response
2024-12-11 12:07:30,369 - basicLogger - INFO - Analyzer returned non-200 response
2024-12-11 12:07:30,370 - basicLogger - INFO - Service check completed and status.json updated
2024-12-11 12:07:30,370 - basicLogger - INFO - Request received to get service status...
2024-12-11 12:07:34,488 - basicLogger - INFO - Periodic service check started...
2024-12-11 12:07:34,566 - basicLogger - INFO - Receiver is Healthy
2024-12-11 12:07:34,645 - basicLogger - INFO - Storage is Healthy
2024-12-11 12:07:34,744 - basicLogger - INFO - Processing returned non-200 response
2024-12-11 12:07:34,851 - basicLogger - INFO - Analyzer returned non-200 response
2024-12-11 12:07:34,852 - basicLogger - INFO - Service check completed and status.json updated
2024-12-11 12:07:34,852 - basicLogger - INFO - Request received to get service status...
2024-12-11 12:07:39,485 - basicLogger - INFO - Periodic service check started...
2024-12-11 12:07:39,688 - basicLogger - INFO - Receiver is Healthy
2024-12-11 12:07:39,892 - basicLogger - INFO - Storage is Healthy
2024-12-11 12:07:40,138 - basicLogger - INFO - Processing returned non-200 response
2024-12-11 12:07:40,405 - basicLogger - INFO - Analyzer returned non-200 response
2024-12-11 12:07:40,406 - basicLogger - INFO - Service check completed and status.json updated
2024-12-11 12:07:40,406 - basicLogger - INFO - Request received to get service status...
2024-12-11 12:07:44,483 - basicLogger - INFO - Periodic service check started...
2024-12-11 12:07:44,705 - basicLogger - INFO - Receiver is Healthy
2024-12-11 12:07:44,911 - basicLogger - INFO - Storage is Healthy
2024-12-11 12:07:45,217 - basicLogger - INFO - Processing returned non-200 response
2024-12-11 12:07:45,423 - basicLogger - INFO - Analyzer returned non-200 response
2024-12-11 12:07:45,424 - basicLogger - INFO - Service check completed and status.json updated
2024-12-11 12:07:45,424 - basicLogger - INFO - Request received to get service status...
2024-12-11 12:07:49,484 - basicLogger - INFO - Periodic service check started...
2024-12-11 12:07:49,620 - basicLogger - INFO - Receiver is Healthy
2024-12-11 12:07:49,825 - basicLogger - INFO - Storage is Healthy
2024-12-11 12:07:50,132 - basicLogger - INFO - Processing returned non-200 response
2024-12-11 12:07:50,439 - basicLogger - INFO - Analyzer returned non-200 response
2024-12-11 12:07:50,440 - basicLogger - INFO - Service check completed and status.json updated
2024-12-11 12:07:50,440 - basicLogger - INFO - Request received to get service status...
2024-12-11 12:07:54,484 - basicLogger - INFO - Periodic service check started...
2024-12-11 12:07:54,638 - basicLogger - INFO - Receiver is Healthy
2024-12-11 12:07:54,842 - basicLogger - INFO - Storage is Healthy
2024-12-11 12:07:55,150 - basicLogger - INFO - Processing returned non-200 response
2024-12-11 12:07:55,355 - basicLogger - INFO - Analyzer returned non-200 response
2024-12-11 12:07:55,356 - basicLogger - INFO - Service check completed and status.json updated
2024-12-11 12:07:55,357 - basicLogger - INFO - Request received to get service status...
2024-12-11 12:07:59,484 - basicLogger - INFO - Periodic service check started...
2024-12-11 12:07:59,757 - basicLogger - INFO - Receiver is Healthy
2024-12-11 12:08:00,065 - basicLogger - INFO - Storage is Healthy
2024-12-11 12:08:00,373 - basicLogger - INFO - Processing returned non-200 response
2024-12-11 12:08:00,509 - basicLogger - INFO - Analyzer returned non-200 response
2024-12-11 12:08:00,510 - basicLogger - INFO - Service check completed and status.json updated
2024-12-11 12:08:00,511 - basicLogger - INFO - Request received to get service status...
2024-12-11 12:08:04,484 - basicLogger - INFO - Periodic service check started...
2024-12-11 12:08:04,672 - basicLogger - INFO - Receiver is Healthy
2024-12-11 12:08:04,878 - basicLogger - INFO - Storage is Healthy
2024-12-11 12:08:05,083 - basicLogger - INFO - Processing returned non-200 response
2024-12-11 12:08:05,287 - basicLogger - INFO - Analyzer returned non-200 response
2024-12-11 12:08:05,288 - basicLogger - INFO - Service check completed and status.json updated
2024-12-11 12:08:05,289 - basicLogger - INFO - Request received to get service status...
2024-12-11 12:08:09,484 - basicLogger - INFO - Periodic service check started...
2024-12-11 12:08:09,690 - basicLogger - INFO - Receiver is Healthy
2024-12-11 12:08:09,895 - basicLogger - INFO - Storage is Healthy
2024-12-11 12:08:10,203 - basicLogger - INFO - Processing returned non-200 response
2024-12-11 12:08:10,406 - basicLogger - INFO - Analyzer returned non-200 response
2024-12-11 12:08:10,407 - basicLogger - INFO - Service check completed and status.json updated
2024-12-11 12:08:10,408 - basicLogger - INFO - Request received to get service status...
2024-12-11 12:08:14,484 - basicLogger - INFO - Periodic service check started...
2024-12-11 12:08:14,708 - basicLogger - INFO - Receiver is Healthy
2024-12-11 12:08:14,912 - basicLogger - INFO - Storage is Healthy
2024-12-11 12:08:15,220 - basicLogger - INFO - Processing returned non-200 response
2024-12-11 12:08:15,425 - basicLogger - INFO - Analyzer returned non-200 response
2024-12-11 12:08:15,426 - basicLogger - INFO - Service check completed and status.json updated
2024-12-11 12:08:15,427 - basicLogger - INFO - Request received to get service status...
2024-12-11 12:08:19,484 - basicLogger - INFO - Periodic service check started...
2024-12-11 12:08:19,725 - basicLogger - INFO - Receiver is Healthy
2024-12-11 12:08:19,930 - basicLogger - INFO - Storage is Healthy
2024-12-11 12:08:20,238 - basicLogger - INFO - Processing returned non-200 response
2024-12-11 12:08:20,443 - basicLogger - INFO - Analyzer returned non-200 response
2024-12-11 12:08:20,444 - basicLogger - INFO - Service check completed and status.json updated
2024-12-11 12:08:20,444 - basicLogger - INFO - Request received to get service status...
2024-12-11 12:08:24,484 - basicLogger - INFO - Periodic service check started...
2024-12-11 12:08:24,742 - basicLogger - INFO - Receiver is Healthy
2024-12-11 12:08:24,947 - basicLogger - INFO - Storage is Healthy
2024-12-11 12:08:25,459 - basicLogger - INFO - Processing returned non-200 response
2024-12-11 12:08:25,664 - basicLogger - INFO - Analyzer returned non-200 response
2024-12-11 12:08:25,665 - basicLogger - INFO - Service check completed and status.json updated
2024-12-11 12:08:25,665 - basicLogger - INFO - Request received to get service status...
2024-12-11 12:08:29,484 - basicLogger - INFO - Periodic service check started...
2024-12-11 12:08:29,657 - basicLogger - INFO - Receiver is Healthy
2024-12-11 12:08:29,862 - basicLogger - INFO - Storage is Healthy
2024-12-11 12:08:30,161 - basicLogger - INFO - Processing returned non-200 response
2024-12-11 12:08:30,378 - basicLogger - INFO - Analyzer returned non-200 response
2024-12-11 12:08:30,380 - basicLogger - INFO - Service check completed and status.json updated
2024-12-11 12:08:30,380 - basicLogger - INFO - Request received to get service status...
